2018-02-11 15:45:19 [scrapy.utils.log] INFO: Scrapy 1.5.0 started (bot: kczj)
2018-02-11 15:45:19 [scrapy.utils.log] INFO: Versions: lxml 4.1.1.0, libxml2 2.9.7, cssselect 1.0.1, parsel 1.3.1, w3lib 1.18.0, Twisted 17.9.0, Python 3.6.3 (v3.6.3:2c5fed8, Oct  3 2017, 17:26:49) [MSC v.1900 32 bit (Intel)], pyOpenSSL 17.5.0 (OpenSSL 1.1.0g  2 Nov 2017), cryptography 2.1.4, Platform Windows-10-10.0.16299-SP0
2018-02-11 15:45:19 [scrapy.crawler] INFO: Overridden settings: {'BOT_NAME': 'kczj', 'COOKIES_ENABLED': False, 'LOG_FILE': 'Spider.log', 'LOG_LEVEL': 'INFO', 'NEWSPIDER_MODULE': 'kczj.spiders', 'SPIDER_MODULES': ['kczj.spiders']}
2018-02-11 15:45:19 [scrapy.middleware] INFO: Enabled extensions:
['scrapy.extensions.corestats.CoreStats',
 'scrapy.extensions.telnet.TelnetConsole',
 'scrapy.extensions.logstats.LogStats']
2018-02-11 15:45:19 [scrapy.middleware] INFO: Enabled downloader middlewares:
['kczj.randomuseragentmiddleware.RandomUserAgentMiddleware',
 'scrapy.downloadermiddlewares.httpauth.HttpAuthMiddleware',
 'scrapy.downloadermiddlewares.downloadtimeout.DownloadTimeoutMiddleware',
 'scrapy.downloadermiddlewares.defaultheaders.DefaultHeadersMiddleware',
 'scrapy.downloadermiddlewares.useragent.UserAgentMiddleware',
 'scrapy.downloadermiddlewares.retry.RetryMiddleware',
 'scrapy.downloadermiddlewares.redirect.MetaRefreshMiddleware',
 'scrapy.downloadermiddlewares.httpcompression.HttpCompressionMiddleware',
 'scrapy.downloadermiddlewares.redirect.RedirectMiddleware',
 'scrapy.downloadermiddlewares.httpproxy.HttpProxyMiddleware',
 'scrapy.downloadermiddlewares.stats.DownloaderStats']
2018-02-11 15:45:19 [scrapy.middleware] INFO: Enabled spider middlewares:
['scrapy.spidermiddlewares.httperror.HttpErrorMiddleware',
 'scrapy.spidermiddlewares.offsite.OffsiteMiddleware',
 'scrapy.spidermiddlewares.referer.RefererMiddleware',
 'scrapy.spidermiddlewares.urllength.UrlLengthMiddleware',
 'scrapy.spidermiddlewares.depth.DepthMiddleware']
2018-02-11 15:45:19 [scrapy.middleware] INFO: Enabled item pipelines:
['kczj.pipelines.KczjPipeline']
2018-02-11 15:45:19 [scrapy.core.engine] INFO: Spider opened
2018-02-11 15:45:19 [scrapy.extensions.logstats] INFO: Crawled 0 pages (at 0 pages/min), scraped 0 items (at 0 items/min)
2018-02-11 15:46:19 [scrapy.extensions.logstats] INFO: Crawled 119 pages (at 119 pages/min), scraped 0 items (at 0 items/min)
2018-02-11 15:47:19 [scrapy.extensions.logstats] INFO: Crawled 243 pages (at 124 pages/min), scraped 0 items (at 0 items/min)
2018-02-11 15:48:19 [scrapy.extensions.logstats] INFO: Crawled 366 pages (at 123 pages/min), scraped 0 items (at 0 items/min)
2018-02-11 15:48:39 [scrapy.core.downloader.handlers.http11] WARNING: Got data loss in https://dealer.360che.com/dealer_0_0_0_0_0_0_c1264.html. If you want to process broken responses set the setting DOWNLOAD_FAIL_ON_DATALOSS = False -- This message won't be shown in further requests
2018-02-11 15:49:19 [scrapy.extensions.logstats] INFO: Crawled 486 pages (at 120 pages/min), scraped 0 items (at 0 items/min)
2018-02-11 15:50:19 [scrapy.extensions.logstats] INFO: Crawled 613 pages (at 127 pages/min), scraped 0 items (at 0 items/min)
2018-02-11 15:51:19 [scrapy.extensions.logstats] INFO: Crawled 738 pages (at 125 pages/min), scraped 0 items (at 0 items/min)
2018-02-11 15:52:17 [scrapy.crawler] INFO: Received SIGINT, shutting down gracefully. Send again to force 
2018-02-11 15:52:17 [scrapy.core.engine] INFO: Closing spider (shutdown)
2018-02-11 15:52:17 [scrapy.crawler] INFO: Received SIGINT twice, forcing unclean shutdown
2018-02-11 15:52:17 [scrapy.core.downloader.handlers.http11] WARNING: Got data loss in https://dealer.360che.com/dealer_0_0_0_0_0_0_c531.html. If you want to process broken responses set the setting DOWNLOAD_FAIL_ON_DATALOSS = False -- This message won't be shown in further requests
2018-02-11 15:52:17 [scrapy.core.downloader.handlers.http11] WARNING: Got data loss in https://dealer.360che.com/dealer_0_0_0_0_0_0_c533.html. If you want to process broken responses set the setting DOWNLOAD_FAIL_ON_DATALOSS = False -- This message won't be shown in further requests
2018-02-11 15:52:17 [scrapy.core.downloader.handlers.http11] WARNING: Got data loss in https://dealer.360che.com/dealer_0_0_0_0_0_0_c1020.html. If you want to process broken responses set the setting DOWNLOAD_FAIL_ON_DATALOSS = False -- This message won't be shown in further requests
2018-02-11 15:52:17 [scrapy.core.downloader.handlers.http11] WARNING: Got data loss in https://dealer.360che.com/dealer_0_0_0_0_0_0_c464.html. If you want to process broken responses set the setting DOWNLOAD_FAIL_ON_DATALOSS = False -- This message won't be shown in further requests
2018-02-11 15:52:17 [scrapy.core.downloader.handlers.http11] WARNING: Got data loss in https://dealer.360che.com/dealer_0_0_0_0_0_0_c529.html. If you want to process broken responses set the setting DOWNLOAD_FAIL_ON_DATALOSS = False -- This message won't be shown in further requests
2018-02-11 15:52:17 [scrapy.core.downloader.handlers.http11] WARNING: Got data loss in https://dealer.360che.com/dealer_0_0_0_0_0_0_c1026.html. If you want to process broken responses set the setting DOWNLOAD_FAIL_ON_DATALOSS = False -- This message won't be shown in further requests
2018-02-11 15:52:17 [scrapy.core.downloader.handlers.http11] WARNING: Got data loss in https://dealer.360che.com/dealer_0_0_0_0_0_0_c1018.html. If you want to process broken responses set the setting DOWNLOAD_FAIL_ON_DATALOSS = False -- This message won't be shown in further requests
2018-02-11 15:52:17 [scrapy.core.downloader.handlers.http11] WARNING: Got data loss in https://dealer.360che.com/dealer_0_0_0_0_0_0_c532.html. If you want to process broken responses set the setting DOWNLOAD_FAIL_ON_DATALOSS = False -- This message won't be shown in further requests
2018-02-11 15:52:59 [scrapy.utils.log] INFO: Scrapy 1.5.0 started (bot: kczj)
2018-02-11 15:52:59 [scrapy.utils.log] INFO: Versions: lxml 4.1.1.0, libxml2 2.9.7, cssselect 1.0.1, parsel 1.3.1, w3lib 1.18.0, Twisted 17.9.0, Python 3.6.3 (v3.6.3:2c5fed8, Oct  3 2017, 17:26:49) [MSC v.1900 32 bit (Intel)], pyOpenSSL 17.5.0 (OpenSSL 1.1.0g  2 Nov 2017), cryptography 2.1.4, Platform Windows-10-10.0.16299-SP0
2018-02-11 15:52:59 [scrapy.crawler] INFO: Overridden settings: {'BOT_NAME': 'kczj', 'COOKIES_ENABLED': False, 'LOG_FILE': 'Spider.log', 'LOG_LEVEL': 'INFO', 'NEWSPIDER_MODULE': 'kczj.spiders', 'SPIDER_MODULES': ['kczj.spiders']}
2018-02-11 15:52:59 [scrapy.middleware] INFO: Enabled extensions:
['scrapy.extensions.corestats.CoreStats',
 'scrapy.extensions.telnet.TelnetConsole',
 'scrapy.extensions.logstats.LogStats']
2018-02-11 15:52:59 [scrapy.middleware] INFO: Enabled downloader middlewares:
['kczj.randomuseragentmiddleware.RandomUserAgentMiddleware',
 'scrapy.downloadermiddlewares.httpauth.HttpAuthMiddleware',
 'scrapy.downloadermiddlewares.downloadtimeout.DownloadTimeoutMiddleware',
 'scrapy.downloadermiddlewares.defaultheaders.DefaultHeadersMiddleware',
 'scrapy.downloadermiddlewares.useragent.UserAgentMiddleware',
 'scrapy.downloadermiddlewares.retry.RetryMiddleware',
 'scrapy.downloadermiddlewares.redirect.MetaRefreshMiddleware',
 'scrapy.downloadermiddlewares.httpcompression.HttpCompressionMiddleware',
 'scrapy.downloadermiddlewares.redirect.RedirectMiddleware',
 'scrapy.downloadermiddlewares.httpproxy.HttpProxyMiddleware',
 'scrapy.downloadermiddlewares.stats.DownloaderStats']
2018-02-11 15:52:59 [scrapy.middleware] INFO: Enabled spider middlewares:
['scrapy.spidermiddlewares.httperror.HttpErrorMiddleware',
 'scrapy.spidermiddlewares.offsite.OffsiteMiddleware',
 'scrapy.spidermiddlewares.referer.RefererMiddleware',
 'scrapy.spidermiddlewares.urllength.UrlLengthMiddleware',
 'scrapy.spidermiddlewares.depth.DepthMiddleware']
2018-02-11 15:53:00 [scrapy.middleware] INFO: Enabled item pipelines:
['kczj.pipelines.KczjPipeline']
2018-02-11 15:53:00 [scrapy.core.engine] INFO: Spider opened
2018-02-11 15:53:00 [scrapy.extensions.logstats] INFO: Crawled 0 pages (at 0 pages/min), scraped 0 items (at 0 items/min)
2018-02-11 15:54:00 [scrapy.extensions.logstats] INFO: Crawled 101 pages (at 101 pages/min), scraped 976 items (at 976 items/min)
2018-02-11 15:55:00 [scrapy.extensions.logstats] INFO: Crawled 196 pages (at 95 pages/min), scraped 1933 items (at 957 items/min)
2018-02-11 15:56:00 [scrapy.extensions.logstats] INFO: Crawled 293 pages (at 97 pages/min), scraped 2897 items (at 964 items/min)
2018-02-11 15:57:00 [scrapy.extensions.logstats] INFO: Crawled 390 pages (at 97 pages/min), scraped 3864 items (at 967 items/min)
2018-02-11 15:58:00 [scrapy.extensions.logstats] INFO: Crawled 484 pages (at 94 pages/min), scraped 4811 items (at 947 items/min)
2018-02-11 15:59:00 [scrapy.extensions.logstats] INFO: Crawled 577 pages (at 93 pages/min), scraped 5745 items (at 934 items/min)
2018-02-11 16:00:00 [scrapy.extensions.logstats] INFO: Crawled 676 pages (at 99 pages/min), scraped 6719 items (at 974 items/min)
2018-02-11 16:01:00 [scrapy.extensions.logstats] INFO: Crawled 779 pages (at 103 pages/min), scraped 7758 items (at 1039 items/min)
2018-02-11 16:02:00 [scrapy.extensions.logstats] INFO: Crawled 883 pages (at 104 pages/min), scraped 8803 items (at 1045 items/min)
2018-02-11 16:03:00 [scrapy.extensions.logstats] INFO: Crawled 982 pages (at 99 pages/min), scraped 9799 items (at 996 items/min)
2018-02-11 16:04:00 [scrapy.extensions.logstats] INFO: Crawled 1076 pages (at 94 pages/min), scraped 10734 items (at 935 items/min)
2018-02-11 16:05:00 [scrapy.extensions.logstats] INFO: Crawled 1161 pages (at 85 pages/min), scraped 11575 items (at 841 items/min)
2018-02-11 16:06:00 [scrapy.extensions.logstats] INFO: Crawled 1255 pages (at 94 pages/min), scraped 12523 items (at 948 items/min)
2018-02-11 16:06:53 [scrapy.core.engine] INFO: Closing spider (finished)
2018-02-11 16:06:53 [scrapy.statscollectors] INFO: Dumping Scrapy stats:
{'downloader/request_bytes': 508872,
 'downloader/request_count': 1336,
 'downloader/request_method_count/GET': 1336,
 'downloader/response_bytes': 311640146,
 'downloader/response_count': 1336,
 'downloader/response_status_count/200': 1336,
 'dupefilter/filtered': 9345,
 'finish_reason': 'finished',
 'finish_time': datetime.datetime(2018, 2, 11, 8, 6, 53, 943825),
 'item_scraped_count': 13349,
 'log_count/INFO': 20,
 'request_depth_max': 269,
 'response_received_count': 1336,
 'scheduler/dequeued': 1336,
 'scheduler/dequeued/memory': 1336,
 'scheduler/enqueued': 1336,
 'scheduler/enqueued/memory': 1336,
 'start_time': datetime.datetime(2018, 2, 11, 7, 53, 0, 30478)}
2018-02-11 16:06:53 [scrapy.core.engine] INFO: Spider closed (finished)
