2018-01-17 09:14:58 [scrapy.utils.log] INFO: Scrapy 1.5.0 started (bot: it_juzi)
2018-01-17 09:14:58 [scrapy.utils.log] INFO: Versions: lxml 4.1.1.0, libxml2 2.9.7, cssselect 1.0.1, parsel 1.3.1, w3lib 1.18.0, Twisted 17.9.0, Python 3.6.3 (v3.6.3:2c5fed8, Oct  3 2017, 17:26:49) [MSC v.1900 32 bit (Intel)], pyOpenSSL 17.5.0 (OpenSSL 1.1.0g  2 Nov 2017), cryptography 2.1.4, Platform Windows-10-10.0.15063-SP0
2018-01-17 09:14:58 [scrapy.crawler] INFO: Overridden settings: {'BOT_NAME': 'it_juzi', 'COOKIES_ENABLED': False, 'DOWNLOAD_DELAY': 10, 'DUPEFILTER_CLASS': 'scrapy_redis.dupefilter.RFPDupeFilter', 'LOG_FILE': 'juziSpider.log', 'LOG_LEVEL': 'INFO', 'NEWSPIDER_MODULE': 'it_juzi.spiders', 'SCHEDULER': 'scrapy_redis.scheduler.Scheduler', 'SPIDER_MODULES': ['it_juzi.spiders']}
2018-01-17 09:14:58 [scrapy.middleware] INFO: Enabled extensions:
['scrapy.extensions.corestats.CoreStats',
 'scrapy.extensions.telnet.TelnetConsole',
 'scrapy.extensions.logstats.LogStats']
2018-01-17 09:14:59 [py.warnings] WARNING: E:\xampp\htdocs\study_spider\it_juzi\it_juzi\middlewares.py:9: ScrapyDeprecationWarning: Module `scrapy.contrib.downloadermiddleware.useragent` is deprecated, use `scrapy.downloadermiddlewares.useragent` instead
  from scrapy.contrib.downloadermiddleware.useragent import UserAgentMiddleware

2018-01-17 09:14:59 [scrapy.middleware] INFO: Enabled downloader middlewares:
['scrapy.downloadermiddlewares.retry.RetryMiddleware',
 'scrapy.downloadermiddlewares.httpauth.HttpAuthMiddleware',
 'scrapy.downloadermiddlewares.downloadtimeout.DownloadTimeoutMiddleware',
 'scrapy.downloadermiddlewares.defaultheaders.DefaultHeadersMiddleware',
 'scrapy.downloadermiddlewares.useragent.UserAgentMiddleware',
 'it_juzi.middlewares.RotateUserAgentMiddleware',
 'scrapy.downloadermiddlewares.redirect.MetaRefreshMiddleware',
 'scrapy.downloadermiddlewares.httpcompression.HttpCompressionMiddleware',
 'scrapy.downloadermiddlewares.redirect.RedirectMiddleware',
 'scrapy.downloadermiddlewares.httpproxy.HttpProxyMiddleware',
 'scrapy.downloadermiddlewares.stats.DownloaderStats']
2018-01-17 09:14:59 [scrapy.middleware] INFO: Enabled spider middlewares:
['scrapy.spidermiddlewares.httperror.HttpErrorMiddleware',
 'scrapy.spidermiddlewares.offsite.OffsiteMiddleware',
 'scrapy.spidermiddlewares.referer.RefererMiddleware',
 'scrapy.spidermiddlewares.urllength.UrlLengthMiddleware',
 'scrapy.spidermiddlewares.depth.DepthMiddleware']
2018-01-17 09:14:59 [scrapy.middleware] INFO: Enabled item pipelines:
['scrapy_redis.pipelines.RedisPipeline']
2018-01-17 09:14:59 [scrapy.core.engine] INFO: Spider opened
2018-01-17 09:14:59 [scrapy.extensions.logstats] INFO: Crawled 0 pages (at 0 pages/min), scraped 0 items (at 0 items/min)
2018-01-17 09:14:59 [scrapy.core.engine] INFO: Closing spider (finished)
2018-01-17 09:14:59 [scrapy.statscollectors] INFO: Dumping Scrapy stats:
{'finish_reason': 'finished',
 'finish_time': datetime.datetime(2018, 1, 17, 1, 14, 59, 64042),
 'log_count/INFO': 7,
 'log_count/WARNING': 1,
 'start_time': datetime.datetime(2018, 1, 17, 1, 14, 59, 52011)}
2018-01-17 09:14:59 [scrapy.core.engine] INFO: Spider closed (finished)
