2018-01-07 15:09:57 [scrapy.utils.log] INFO: Scrapy 1.5.0 started (bot: douban)
2018-01-07 15:09:57 [scrapy.utils.log] INFO: Versions: lxml 4.1.1.0, libxml2 2.9.7, cssselect 1.0.1, parsel 1.3.1, w3lib 1.18.0, Twisted 17.9.0, Python 3.6.3 (v3.6.3:2c5fed8, Oct  3 2017, 17:26:49) [MSC v.1900 32 bit (Intel)], pyOpenSSL 17.5.0 (OpenSSL 1.1.0g  2 Nov 2017), cryptography 2.1.4, Platform Windows-10-10.0.15063-SP0
2018-01-07 15:09:57 [scrapy.crawler] INFO: Overridden settings: {'BOT_NAME': 'douban', 'LOG_FILE': 'MovieSpider.log', 'LOG_LEVEL': 'INFO', 'NEWSPIDER_MODULE': 'douban.spiders', 'ROBOTSTXT_OBEY': True, 'SPIDER_MODULES': ['douban.spiders']}
2018-01-07 15:09:57 [scrapy.middleware] INFO: Enabled extensions:
['scrapy.extensions.corestats.CoreStats',
 'scrapy.extensions.telnet.TelnetConsole',
 'scrapy.extensions.logstats.LogStats']
2018-01-07 15:09:57 [scrapy.middleware] INFO: Enabled downloader middlewares:
['scrapy.downloadermiddlewares.robotstxt.RobotsTxtMiddleware',
 'scrapy.downloadermiddlewares.httpauth.HttpAuthMiddleware',
 'scrapy.downloadermiddlewares.downloadtimeout.DownloadTimeoutMiddleware',
 'scrapy.downloadermiddlewares.defaultheaders.DefaultHeadersMiddleware',
 'scrapy.downloadermiddlewares.useragent.UserAgentMiddleware',
 'scrapy.downloadermiddlewares.retry.RetryMiddleware',
 'scrapy.downloadermiddlewares.redirect.MetaRefreshMiddleware',
 'scrapy.downloadermiddlewares.httpcompression.HttpCompressionMiddleware',
 'scrapy.downloadermiddlewares.redirect.RedirectMiddleware',
 'scrapy.downloadermiddlewares.cookies.CookiesMiddleware',
 'scrapy.downloadermiddlewares.httpproxy.HttpProxyMiddleware',
 'scrapy.downloadermiddlewares.stats.DownloaderStats']
2018-01-07 15:09:57 [scrapy.middleware] INFO: Enabled spider middlewares:
['scrapy.spidermiddlewares.httperror.HttpErrorMiddleware',
 'scrapy.spidermiddlewares.offsite.OffsiteMiddleware',
 'scrapy.spidermiddlewares.referer.RefererMiddleware',
 'scrapy.spidermiddlewares.urllength.UrlLengthMiddleware',
 'scrapy.spidermiddlewares.depth.DepthMiddleware']
2018-01-07 15:09:57 [scrapy.middleware] INFO: Enabled item pipelines:
[]
2018-01-07 15:09:57 [scrapy.core.engine] INFO: Spider opened
2018-01-07 15:09:57 [scrapy.extensions.logstats] INFO: Crawled 0 pages (at 0 pages/min), scraped 0 items (at 0 items/min)
2018-01-07 15:09:58 [scrapy.spidermiddlewares.httperror] INFO: Ignoring response <403 https://movie.douban.com/top250?start=0>: HTTP status code is not handled or not allowed
2018-01-07 15:09:58 [scrapy.core.engine] INFO: Closing spider (finished)
2018-01-07 15:09:58 [scrapy.statscollectors] INFO: Dumping Scrapy stats:
{'downloader/request_bytes': 454,
 'downloader/request_count': 2,
 'downloader/request_method_count/GET': 2,
 'downloader/response_bytes': 496,
 'downloader/response_count': 2,
 'downloader/response_status_count/403': 2,
 'finish_reason': 'finished',
 'finish_time': datetime.datetime(2018, 1, 7, 7, 9, 58, 51413),
 'httperror/response_ignored_count': 1,
 'httperror/response_ignored_status_count/403': 1,
 'log_count/INFO': 8,
 'response_received_count': 2,
 'scheduler/dequeued': 1,
 'scheduler/dequeued/memory': 1,
 'scheduler/enqueued': 1,
 'scheduler/enqueued/memory': 1,
 'start_time': datetime.datetime(2018, 1, 7, 7, 9, 57, 849405)}
2018-01-07 15:09:58 [scrapy.core.engine] INFO: Spider closed (finished)
2018-01-07 18:53:30 [scrapy.utils.log] INFO: Scrapy 1.5.0 started (bot: douban)
2018-01-07 18:53:30 [scrapy.utils.log] INFO: Versions: lxml 4.1.1.0, libxml2 2.9.7, cssselect 1.0.1, parsel 1.3.1, w3lib 1.18.0, Twisted 17.9.0, Python 3.6.3 (v3.6.3:2c5fed8, Oct  3 2017, 17:26:49) [MSC v.1900 32 bit (Intel)], pyOpenSSL 17.5.0 (OpenSSL 1.1.0g  2 Nov 2017), cryptography 2.1.4, Platform Windows-10-10.0.15063-SP0
2018-01-07 18:53:30 [scrapy.crawler] INFO: Overridden settings: {'BOT_NAME': 'douban', 'COOKIES_ENABLED': False, 'DOWNLOAD_DELAY': 3, 'LOG_FILE': 'MovieSpider.log', 'LOG_LEVEL': 'INFO', 'NEWSPIDER_MODULE': 'douban.spiders', 'SPIDER_MODULES': ['douban.spiders']}
2018-01-07 18:53:30 [scrapy.middleware] INFO: Enabled extensions:
['scrapy.extensions.corestats.CoreStats',
 'scrapy.extensions.telnet.TelnetConsole',
 'scrapy.extensions.logstats.LogStats']
2018-01-07 18:53:30 [scrapy.middleware] INFO: Enabled downloader middlewares:
['scrapy.downloadermiddlewares.httpauth.HttpAuthMiddleware',
 'scrapy.downloadermiddlewares.downloadtimeout.DownloadTimeoutMiddleware',
 'scrapy.downloadermiddlewares.defaultheaders.DefaultHeadersMiddleware',
 'scrapy.downloadermiddlewares.useragent.UserAgentMiddleware',
 'scrapy.downloadermiddlewares.retry.RetryMiddleware',
 'scrapy.downloadermiddlewares.redirect.MetaRefreshMiddleware',
 'scrapy.downloadermiddlewares.httpcompression.HttpCompressionMiddleware',
 'scrapy.downloadermiddlewares.redirect.RedirectMiddleware',
 'scrapy.downloadermiddlewares.httpproxy.HttpProxyMiddleware',
 'scrapy.downloadermiddlewares.stats.DownloaderStats']
2018-01-07 18:53:30 [scrapy.middleware] INFO: Enabled spider middlewares:
['scrapy.spidermiddlewares.httperror.HttpErrorMiddleware',
 'scrapy.spidermiddlewares.offsite.OffsiteMiddleware',
 'scrapy.spidermiddlewares.referer.RefererMiddleware',
 'scrapy.spidermiddlewares.urllength.UrlLengthMiddleware',
 'scrapy.spidermiddlewares.depth.DepthMiddleware']
2018-01-07 18:53:30 [scrapy.middleware] INFO: Enabled item pipelines:
[]
2018-01-07 18:53:30 [scrapy.core.engine] INFO: Spider opened
2018-01-07 18:53:30 [scrapy.extensions.logstats] INFO: Crawled 0 pages (at 0 pages/min), scraped 0 items (at 0 items/min)
2018-01-07 18:54:10 [scrapy.core.engine] INFO: Closing spider (finished)
2018-01-07 18:54:10 [scrapy.statscollectors] INFO: Dumping Scrapy stats:
{'downloader/request_bytes': 4111,
 'downloader/request_count': 12,
 'downloader/request_method_count/GET': 12,
 'downloader/response_bytes': 155853,
 'downloader/response_count': 12,
 'downloader/response_status_count/200': 12,
 'dupefilter/filtered': 109,
 'finish_reason': 'finished',
 'finish_time': datetime.datetime(2018, 1, 7, 10, 54, 10, 817834),
 'item_scraped_count': 11,
 'log_count/INFO': 7,
 'request_depth_max': 3,
 'response_received_count': 12,
 'scheduler/dequeued': 12,
 'scheduler/dequeued/memory': 12,
 'scheduler/enqueued': 12,
 'scheduler/enqueued/memory': 12,
 'start_time': datetime.datetime(2018, 1, 7, 10, 53, 30, 832852)}
2018-01-07 18:54:10 [scrapy.core.engine] INFO: Spider closed (finished)
2018-01-07 18:58:14 [scrapy.utils.log] INFO: Scrapy 1.5.0 started (bot: douban)
2018-01-07 18:58:14 [scrapy.utils.log] INFO: Versions: lxml 4.1.1.0, libxml2 2.9.7, cssselect 1.0.1, parsel 1.3.1, w3lib 1.18.0, Twisted 17.9.0, Python 3.6.3 (v3.6.3:2c5fed8, Oct  3 2017, 17:26:49) [MSC v.1900 32 bit (Intel)], pyOpenSSL 17.5.0 (OpenSSL 1.1.0g  2 Nov 2017), cryptography 2.1.4, Platform Windows-10-10.0.15063-SP0
2018-01-07 18:58:14 [scrapy.crawler] INFO: Overridden settings: {'BOT_NAME': 'douban', 'COOKIES_ENABLED': False, 'DOWNLOAD_DELAY': 3, 'LOG_FILE': 'MovieSpider.log', 'LOG_LEVEL': 'INFO', 'NEWSPIDER_MODULE': 'douban.spiders', 'SPIDER_MODULES': ['douban.spiders']}
2018-01-07 18:58:14 [scrapy.middleware] INFO: Enabled extensions:
['scrapy.extensions.corestats.CoreStats',
 'scrapy.extensions.telnet.TelnetConsole',
 'scrapy.extensions.logstats.LogStats']
2018-01-07 18:58:14 [scrapy.middleware] INFO: Enabled downloader middlewares:
['scrapy.downloadermiddlewares.httpauth.HttpAuthMiddleware',
 'scrapy.downloadermiddlewares.downloadtimeout.DownloadTimeoutMiddleware',
 'scrapy.downloadermiddlewares.defaultheaders.DefaultHeadersMiddleware',
 'scrapy.downloadermiddlewares.useragent.UserAgentMiddleware',
 'scrapy.downloadermiddlewares.retry.RetryMiddleware',
 'scrapy.downloadermiddlewares.redirect.MetaRefreshMiddleware',
 'scrapy.downloadermiddlewares.httpcompression.HttpCompressionMiddleware',
 'scrapy.downloadermiddlewares.redirect.RedirectMiddleware',
 'scrapy.downloadermiddlewares.httpproxy.HttpProxyMiddleware',
 'scrapy.downloadermiddlewares.stats.DownloaderStats']
2018-01-07 18:58:14 [scrapy.middleware] INFO: Enabled spider middlewares:
['scrapy.spidermiddlewares.httperror.HttpErrorMiddleware',
 'scrapy.spidermiddlewares.offsite.OffsiteMiddleware',
 'scrapy.spidermiddlewares.referer.RefererMiddleware',
 'scrapy.spidermiddlewares.urllength.UrlLengthMiddleware',
 'scrapy.spidermiddlewares.depth.DepthMiddleware']
2018-01-07 18:58:14 [scrapy.middleware] INFO: Enabled item pipelines:
[]
2018-01-07 18:58:14 [scrapy.core.engine] INFO: Spider opened
2018-01-07 18:58:14 [scrapy.extensions.logstats] INFO: Crawled 0 pages (at 0 pages/min), scraped 0 items (at 0 items/min)
2018-01-07 18:58:54 [scrapy.core.engine] INFO: Closing spider (finished)
2018-01-07 18:58:54 [scrapy.statscollectors] INFO: Dumping Scrapy stats:
{'downloader/request_bytes': 4111,
 'downloader/request_count': 12,
 'downloader/request_method_count/GET': 12,
 'downloader/response_bytes': 156558,
 'downloader/response_count': 12,
 'downloader/response_status_count/200': 12,
 'dupefilter/filtered': 109,
 'finish_reason': 'finished',
 'finish_time': datetime.datetime(2018, 1, 7, 10, 58, 54, 751151),
 'item_scraped_count': 11,
 'log_count/INFO': 7,
 'request_depth_max': 3,
 'response_received_count': 12,
 'scheduler/dequeued': 12,
 'scheduler/dequeued/memory': 12,
 'scheduler/enqueued': 12,
 'scheduler/enqueued/memory': 12,
 'start_time': datetime.datetime(2018, 1, 7, 10, 58, 14, 773331)}
2018-01-07 18:58:54 [scrapy.core.engine] INFO: Spider closed (finished)
2018-01-07 19:00:05 [scrapy.utils.log] INFO: Scrapy 1.5.0 started (bot: douban)
2018-01-07 19:00:05 [scrapy.utils.log] INFO: Versions: lxml 4.1.1.0, libxml2 2.9.7, cssselect 1.0.1, parsel 1.3.1, w3lib 1.18.0, Twisted 17.9.0, Python 3.6.3 (v3.6.3:2c5fed8, Oct  3 2017, 17:26:49) [MSC v.1900 32 bit (Intel)], pyOpenSSL 17.5.0 (OpenSSL 1.1.0g  2 Nov 2017), cryptography 2.1.4, Platform Windows-10-10.0.15063-SP0
2018-01-07 19:00:05 [scrapy.crawler] INFO: Overridden settings: {'BOT_NAME': 'douban', 'COOKIES_ENABLED': False, 'DOWNLOAD_DELAY': 3, 'LOG_FILE': 'MovieSpider.log', 'LOG_LEVEL': 'INFO', 'NEWSPIDER_MODULE': 'douban.spiders', 'SPIDER_MODULES': ['douban.spiders']}
2018-01-07 19:00:05 [scrapy.middleware] INFO: Enabled extensions:
['scrapy.extensions.corestats.CoreStats',
 'scrapy.extensions.telnet.TelnetConsole',
 'scrapy.extensions.logstats.LogStats']
2018-01-07 19:00:05 [scrapy.middleware] INFO: Enabled downloader middlewares:
['scrapy.downloadermiddlewares.httpauth.HttpAuthMiddleware',
 'scrapy.downloadermiddlewares.downloadtimeout.DownloadTimeoutMiddleware',
 'scrapy.downloadermiddlewares.defaultheaders.DefaultHeadersMiddleware',
 'scrapy.downloadermiddlewares.useragent.UserAgentMiddleware',
 'scrapy.downloadermiddlewares.retry.RetryMiddleware',
 'scrapy.downloadermiddlewares.redirect.MetaRefreshMiddleware',
 'scrapy.downloadermiddlewares.httpcompression.HttpCompressionMiddleware',
 'scrapy.downloadermiddlewares.redirect.RedirectMiddleware',
 'scrapy.downloadermiddlewares.httpproxy.HttpProxyMiddleware',
 'scrapy.downloadermiddlewares.stats.DownloaderStats']
2018-01-07 19:00:05 [scrapy.middleware] INFO: Enabled spider middlewares:
['scrapy.spidermiddlewares.httperror.HttpErrorMiddleware',
 'scrapy.spidermiddlewares.offsite.OffsiteMiddleware',
 'scrapy.spidermiddlewares.referer.RefererMiddleware',
 'scrapy.spidermiddlewares.urllength.UrlLengthMiddleware',
 'scrapy.spidermiddlewares.depth.DepthMiddleware']
2018-01-07 19:00:05 [scrapy.middleware] INFO: Enabled item pipelines:
[]
2018-01-07 19:00:05 [scrapy.core.engine] INFO: Spider opened
2018-01-07 19:00:05 [scrapy.extensions.logstats] INFO: Crawled 0 pages (at 0 pages/min), scraped 0 items (at 0 items/min)
2018-01-07 19:00:48 [scrapy.core.engine] INFO: Closing spider (finished)
2018-01-07 19:00:48 [scrapy.statscollectors] INFO: Dumping Scrapy stats:
{'downloader/request_bytes': 4111,
 'downloader/request_count': 12,
 'downloader/request_method_count/GET': 12,
 'downloader/response_bytes': 155802,
 'downloader/response_count': 12,
 'downloader/response_status_count/200': 12,
 'dupefilter/filtered': 109,
 'finish_reason': 'finished',
 'finish_time': datetime.datetime(2018, 1, 7, 11, 0, 48, 49336),
 'log_count/INFO': 7,
 'request_depth_max': 3,
 'response_received_count': 12,
 'scheduler/dequeued': 12,
 'scheduler/dequeued/memory': 12,
 'scheduler/enqueued': 12,
 'scheduler/enqueued/memory': 12,
 'start_time': datetime.datetime(2018, 1, 7, 11, 0, 5, 542959)}
2018-01-07 19:00:48 [scrapy.core.engine] INFO: Spider closed (finished)
2018-01-07 19:07:17 [scrapy.utils.log] INFO: Scrapy 1.5.0 started (bot: douban)
2018-01-07 19:07:17 [scrapy.utils.log] INFO: Versions: lxml 4.1.1.0, libxml2 2.9.7, cssselect 1.0.1, parsel 1.3.1, w3lib 1.18.0, Twisted 17.9.0, Python 3.6.3 (v3.6.3:2c5fed8, Oct  3 2017, 17:26:49) [MSC v.1900 32 bit (Intel)], pyOpenSSL 17.5.0 (OpenSSL 1.1.0g  2 Nov 2017), cryptography 2.1.4, Platform Windows-10-10.0.15063-SP0
2018-01-07 19:07:17 [scrapy.crawler] INFO: Overridden settings: {'BOT_NAME': 'douban', 'COOKIES_ENABLED': False, 'DOWNLOAD_DELAY': 3, 'LOG_FILE': 'MovieSpider.log', 'LOG_LEVEL': 'INFO', 'NEWSPIDER_MODULE': 'douban.spiders', 'SPIDER_MODULES': ['douban.spiders']}
2018-01-07 19:07:17 [scrapy.middleware] INFO: Enabled extensions:
['scrapy.extensions.corestats.CoreStats',
 'scrapy.extensions.telnet.TelnetConsole',
 'scrapy.extensions.logstats.LogStats']
2018-01-07 19:07:18 [scrapy.middleware] INFO: Enabled downloader middlewares:
['scrapy.downloadermiddlewares.httpauth.HttpAuthMiddleware',
 'scrapy.downloadermiddlewares.downloadtimeout.DownloadTimeoutMiddleware',
 'scrapy.downloadermiddlewares.defaultheaders.DefaultHeadersMiddleware',
 'scrapy.downloadermiddlewares.useragent.UserAgentMiddleware',
 'scrapy.downloadermiddlewares.retry.RetryMiddleware',
 'scrapy.downloadermiddlewares.redirect.MetaRefreshMiddleware',
 'scrapy.downloadermiddlewares.httpcompression.HttpCompressionMiddleware',
 'scrapy.downloadermiddlewares.redirect.RedirectMiddleware',
 'scrapy.downloadermiddlewares.httpproxy.HttpProxyMiddleware',
 'scrapy.downloadermiddlewares.stats.DownloaderStats']
2018-01-07 19:07:18 [scrapy.middleware] INFO: Enabled spider middlewares:
['scrapy.spidermiddlewares.httperror.HttpErrorMiddleware',
 'scrapy.spidermiddlewares.offsite.OffsiteMiddleware',
 'scrapy.spidermiddlewares.referer.RefererMiddleware',
 'scrapy.spidermiddlewares.urllength.UrlLengthMiddleware',
 'scrapy.spidermiddlewares.depth.DepthMiddleware']
2018-01-07 19:07:18 [scrapy.middleware] INFO: Enabled item pipelines:
[]
2018-01-07 19:07:18 [scrapy.core.engine] INFO: Spider opened
2018-01-07 19:07:18 [scrapy.extensions.logstats] INFO: Crawled 0 pages (at 0 pages/min), scraped 0 items (at 0 items/min)
2018-01-07 19:07:31 [scrapy.crawler] INFO: Received SIGINT, shutting down gracefully. Send again to force 
2018-01-07 19:07:31 [scrapy.core.engine] INFO: Closing spider (shutdown)
2018-01-07 19:07:31 [scrapy.crawler] INFO: Received SIGINT twice, forcing unclean shutdown
2018-01-07 19:08:00 [scrapy.utils.log] INFO: Scrapy 1.5.0 started (bot: douban)
2018-01-07 19:08:00 [scrapy.utils.log] INFO: Versions: lxml 4.1.1.0, libxml2 2.9.7, cssselect 1.0.1, parsel 1.3.1, w3lib 1.18.0, Twisted 17.9.0, Python 3.6.3 (v3.6.3:2c5fed8, Oct  3 2017, 17:26:49) [MSC v.1900 32 bit (Intel)], pyOpenSSL 17.5.0 (OpenSSL 1.1.0g  2 Nov 2017), cryptography 2.1.4, Platform Windows-10-10.0.15063-SP0
2018-01-07 19:08:00 [scrapy.crawler] INFO: Overridden settings: {'BOT_NAME': 'douban', 'COOKIES_ENABLED': False, 'DOWNLOAD_DELAY': 5, 'LOG_FILE': 'MovieSpider.log', 'LOG_LEVEL': 'INFO', 'NEWSPIDER_MODULE': 'douban.spiders', 'SPIDER_MODULES': ['douban.spiders']}
2018-01-07 19:08:00 [scrapy.middleware] INFO: Enabled extensions:
['scrapy.extensions.corestats.CoreStats',
 'scrapy.extensions.telnet.TelnetConsole',
 'scrapy.extensions.logstats.LogStats']
2018-01-07 19:08:01 [scrapy.middleware] INFO: Enabled downloader middlewares:
['scrapy.downloadermiddlewares.httpauth.HttpAuthMiddleware',
 'scrapy.downloadermiddlewares.downloadtimeout.DownloadTimeoutMiddleware',
 'scrapy.downloadermiddlewares.defaultheaders.DefaultHeadersMiddleware',
 'scrapy.downloadermiddlewares.useragent.UserAgentMiddleware',
 'scrapy.downloadermiddlewares.retry.RetryMiddleware',
 'scrapy.downloadermiddlewares.redirect.MetaRefreshMiddleware',
 'scrapy.downloadermiddlewares.httpcompression.HttpCompressionMiddleware',
 'scrapy.downloadermiddlewares.redirect.RedirectMiddleware',
 'scrapy.downloadermiddlewares.httpproxy.HttpProxyMiddleware',
 'scrapy.downloadermiddlewares.stats.DownloaderStats']
2018-01-07 19:08:01 [scrapy.middleware] INFO: Enabled spider middlewares:
['scrapy.spidermiddlewares.httperror.HttpErrorMiddleware',
 'scrapy.spidermiddlewares.offsite.OffsiteMiddleware',
 'scrapy.spidermiddlewares.referer.RefererMiddleware',
 'scrapy.spidermiddlewares.urllength.UrlLengthMiddleware',
 'scrapy.spidermiddlewares.depth.DepthMiddleware']
2018-01-07 19:08:01 [scrapy.middleware] INFO: Enabled item pipelines:
['douban.pipelines.DoubanPipeline']
2018-01-07 19:08:01 [scrapy.core.engine] INFO: Spider opened
2018-01-07 19:08:01 [scrapy.extensions.logstats] INFO: Crawled 0 pages (at 0 pages/min), scraped 0 items (at 0 items/min)
2018-01-07 19:09:01 [scrapy.extensions.logstats] INFO: Crawled 11 pages (at 11 pages/min), scraped 250 items (at 250 items/min)
2018-01-07 19:09:07 [scrapy.core.engine] INFO: Closing spider (finished)
2018-01-07 19:09:07 [scrapy.statscollectors] INFO: Dumping Scrapy stats:
{'downloader/request_bytes': 4111,
 'downloader/request_count': 12,
 'downloader/request_method_count/GET': 12,
 'downloader/response_bytes': 155470,
 'downloader/response_count': 12,
 'downloader/response_status_count/200': 12,
 'dupefilter/filtered': 109,
 'finish_reason': 'finished',
 'finish_time': datetime.datetime(2018, 1, 7, 11, 9, 7, 493953),
 'item_scraped_count': 275,
 'log_count/INFO': 8,
 'request_depth_max': 3,
 'response_received_count': 12,
 'scheduler/dequeued': 12,
 'scheduler/dequeued/memory': 12,
 'scheduler/enqueued': 12,
 'scheduler/enqueued/memory': 12,
 'start_time': datetime.datetime(2018, 1, 7, 11, 8, 1, 71326)}
2018-01-07 19:09:07 [scrapy.core.engine] INFO: Spider closed (finished)
2018-01-08 10:54:56 [scrapy.utils.log] INFO: Scrapy 1.5.0 started (bot: douban)
2018-01-08 10:54:56 [scrapy.utils.log] INFO: Versions: lxml 4.1.1.0, libxml2 2.9.7, cssselect 1.0.1, parsel 1.3.1, w3lib 1.18.0, Twisted 17.9.0, Python 3.6.3 (v3.6.3:2c5fed8, Oct  3 2017, 17:26:49) [MSC v.1900 32 bit (Intel)], pyOpenSSL 17.5.0 (OpenSSL 1.1.0g  2 Nov 2017), cryptography 2.1.4, Platform Windows-10-10.0.15063-SP0
2018-01-08 10:54:56 [scrapy.crawler] INFO: Overridden settings: {'BOT_NAME': 'douban', 'COOKIES_ENABLED': False, 'DOWNLOAD_DELAY': 5, 'DUPEFILTER_CLASS': 'scrapy.dupefilters.BaseDupeFilter', 'LOGSTATS_INTERVAL': 0, 'LOG_FILE': 'MovieSpider.log', 'LOG_LEVEL': 'INFO', 'NEWSPIDER_MODULE': 'douban.spiders', 'SPIDER_MODULES': ['douban.spiders']}
2018-01-08 10:54:56 [scrapy.middleware] INFO: Enabled extensions:
['scrapy.extensions.corestats.CoreStats',
 'scrapy.extensions.telnet.TelnetConsole']
2018-01-08 10:54:56 [scrapy.middleware] INFO: Enabled downloader middlewares:
['scrapy.downloadermiddlewares.httpauth.HttpAuthMiddleware',
 'scrapy.downloadermiddlewares.downloadtimeout.DownloadTimeoutMiddleware',
 'scrapy.downloadermiddlewares.defaultheaders.DefaultHeadersMiddleware',
 'scrapy.downloadermiddlewares.useragent.UserAgentMiddleware',
 'scrapy.downloadermiddlewares.retry.RetryMiddleware',
 'scrapy.downloadermiddlewares.redirect.MetaRefreshMiddleware',
 'scrapy.downloadermiddlewares.httpcompression.HttpCompressionMiddleware',
 'scrapy.downloadermiddlewares.redirect.RedirectMiddleware',
 'scrapy.downloadermiddlewares.httpproxy.HttpProxyMiddleware',
 'scrapy.downloadermiddlewares.stats.DownloaderStats']
2018-01-08 10:54:56 [scrapy.middleware] INFO: Enabled spider middlewares:
['scrapy.spidermiddlewares.httperror.HttpErrorMiddleware',
 'scrapy.spidermiddlewares.offsite.OffsiteMiddleware',
 'scrapy.spidermiddlewares.referer.RefererMiddleware',
 'scrapy.spidermiddlewares.urllength.UrlLengthMiddleware',
 'scrapy.spidermiddlewares.depth.DepthMiddleware']
2018-01-08 10:54:56 [scrapy.middleware] INFO: Enabled item pipelines:
['douban.pipelines.DoubanPipeline']
2018-01-08 10:54:56 [scrapy.core.engine] INFO: Spider opened
2018-01-29 22:50:25 [scrapy.utils.log] INFO: Scrapy 1.5.0 started (bot: douban)
2018-01-29 22:50:25 [scrapy.utils.log] INFO: Versions: lxml 4.1.1.0, libxml2 2.9.7, cssselect 1.0.1, parsel 1.3.1, w3lib 1.18.0, Twisted 17.9.0, Python 3.6.3 (v3.6.3:2c5fed8, Oct  3 2017, 17:26:49) [MSC v.1900 32 bit (Intel)], pyOpenSSL 17.5.0 (OpenSSL 1.1.0g  2 Nov 2017), cryptography 2.1.4, Platform Windows-10-10.0.15063-SP0
2018-01-29 22:50:26 [scrapy.crawler] INFO: Overridden settings: {'BOT_NAME': 'douban', 'COOKIES_ENABLED': False, 'DOWNLOAD_DELAY': 5, 'LOG_FILE': 'MovieSpider.log', 'LOG_LEVEL': 'INFO', 'NEWSPIDER_MODULE': 'douban.spiders', 'SPIDER_MODULES': ['douban.spiders']}
2018-01-29 22:50:26 [scrapy.middleware] INFO: Enabled extensions:
['scrapy.extensions.corestats.CoreStats',
 'scrapy.extensions.telnet.TelnetConsole',
 'scrapy.extensions.logstats.LogStats']
2018-01-29 22:50:26 [scrapy.middleware] INFO: Enabled downloader middlewares:
['scrapy.downloadermiddlewares.httpauth.HttpAuthMiddleware',
 'scrapy.downloadermiddlewares.downloadtimeout.DownloadTimeoutMiddleware',
 'scrapy.downloadermiddlewares.defaultheaders.DefaultHeadersMiddleware',
 'scrapy.downloadermiddlewares.useragent.UserAgentMiddleware',
 'scrapy.downloadermiddlewares.retry.RetryMiddleware',
 'scrapy.downloadermiddlewares.redirect.MetaRefreshMiddleware',
 'scrapy.downloadermiddlewares.httpcompression.HttpCompressionMiddleware',
 'scrapy.downloadermiddlewares.redirect.RedirectMiddleware',
 'scrapy.downloadermiddlewares.httpproxy.HttpProxyMiddleware',
 'scrapy.downloadermiddlewares.stats.DownloaderStats']
2018-01-29 22:50:26 [scrapy.middleware] INFO: Enabled spider middlewares:
['scrapy.spidermiddlewares.httperror.HttpErrorMiddleware',
 'scrapy.spidermiddlewares.offsite.OffsiteMiddleware',
 'scrapy.spidermiddlewares.referer.RefererMiddleware',
 'scrapy.spidermiddlewares.urllength.UrlLengthMiddleware',
 'scrapy.spidermiddlewares.depth.DepthMiddleware']
2018-01-29 22:50:26 [scrapy.middleware] INFO: Enabled item pipelines:
[]
2018-01-29 22:50:26 [scrapy.core.engine] INFO: Spider opened
2018-01-29 22:50:26 [scrapy.extensions.logstats] INFO: Crawled 0 pages (at 0 pages/min), scraped 0 items (at 0 items/min)
2018-01-29 22:50:56 [scrapy.crawler] INFO: Received SIGINT, shutting down gracefully. Send again to force 
2018-01-29 22:50:56 [scrapy.core.engine] INFO: Closing spider (shutdown)
2018-01-29 22:50:59 [scrapy.crawler] INFO: Received SIGINT twice, forcing unclean shutdown
2018-01-29 22:51:16 [scrapy.utils.log] INFO: Scrapy 1.5.0 started (bot: douban)
2018-01-29 22:51:16 [scrapy.utils.log] INFO: Versions: lxml 4.1.1.0, libxml2 2.9.7, cssselect 1.0.1, parsel 1.3.1, w3lib 1.18.0, Twisted 17.9.0, Python 3.6.3 (v3.6.3:2c5fed8, Oct  3 2017, 17:26:49) [MSC v.1900 32 bit (Intel)], pyOpenSSL 17.5.0 (OpenSSL 1.1.0g  2 Nov 2017), cryptography 2.1.4, Platform Windows-10-10.0.15063-SP0
2018-01-29 22:51:16 [scrapy.crawler] INFO: Overridden settings: {'BOT_NAME': 'douban', 'COOKIES_ENABLED': False, 'DOWNLOAD_DELAY': 5, 'DUPEFILTER_CLASS': 'scrapy.dupefilters.BaseDupeFilter', 'LOGSTATS_INTERVAL': 0, 'LOG_FILE': 'MovieSpider.log', 'LOG_LEVEL': 'INFO', 'NEWSPIDER_MODULE': 'douban.spiders', 'SPIDER_MODULES': ['douban.spiders']}
2018-01-29 22:51:16 [scrapy.middleware] INFO: Enabled extensions:
['scrapy.extensions.corestats.CoreStats',
 'scrapy.extensions.telnet.TelnetConsole']
2018-01-29 22:51:16 [scrapy.middleware] INFO: Enabled downloader middlewares:
['scrapy.downloadermiddlewares.httpauth.HttpAuthMiddleware',
 'scrapy.downloadermiddlewares.downloadtimeout.DownloadTimeoutMiddleware',
 'scrapy.downloadermiddlewares.defaultheaders.DefaultHeadersMiddleware',
 'scrapy.downloadermiddlewares.useragent.UserAgentMiddleware',
 'scrapy.downloadermiddlewares.retry.RetryMiddleware',
 'scrapy.downloadermiddlewares.redirect.MetaRefreshMiddleware',
 'scrapy.downloadermiddlewares.httpcompression.HttpCompressionMiddleware',
 'scrapy.downloadermiddlewares.redirect.RedirectMiddleware',
 'scrapy.downloadermiddlewares.httpproxy.HttpProxyMiddleware',
 'scrapy.downloadermiddlewares.stats.DownloaderStats']
2018-01-29 22:51:16 [scrapy.middleware] INFO: Enabled spider middlewares:
['scrapy.spidermiddlewares.httperror.HttpErrorMiddleware',
 'scrapy.spidermiddlewares.offsite.OffsiteMiddleware',
 'scrapy.spidermiddlewares.referer.RefererMiddleware',
 'scrapy.spidermiddlewares.urllength.UrlLengthMiddleware',
 'scrapy.spidermiddlewares.depth.DepthMiddleware']
2018-01-29 22:51:16 [scrapy.middleware] INFO: Enabled item pipelines:
[]
2018-01-29 22:51:16 [scrapy.core.engine] INFO: Spider opened
