2018-02-03 18:39:18 [scrapy.utils.log] INFO: Scrapy 1.5.0 started (bot: uu134)
2018-02-03 18:39:18 [scrapy.utils.log] INFO: Versions: lxml 4.1.1.0, libxml2 2.9.7, cssselect 1.0.1, parsel 1.3.1, w3lib 1.18.0, Twisted 17.9.0, Python 3.6.3 (v3.6.3:2c5fed8, Oct  3 2017, 17:26:49) [MSC v.1900 32 bit (Intel)], pyOpenSSL 17.5.0 (OpenSSL 1.1.0g  2 Nov 2017), cryptography 2.1.4, Platform Windows-10-10.0.15063-SP0
2018-02-03 18:39:18 [scrapy.crawler] INFO: Overridden settings: {'BOT_NAME': 'uu134', 'COOKIES_ENABLED': False, 'LOG_FILE': 'Spider.log', 'LOG_LEVEL': 'INFO', 'NEWSPIDER_MODULE': 'uu134.spiders', 'SPIDER_MODULES': ['uu134.spiders']}
2018-02-03 18:39:18 [scrapy.middleware] INFO: Enabled extensions:
['scrapy.extensions.corestats.CoreStats',
 'scrapy.extensions.telnet.TelnetConsole',
 'scrapy.extensions.logstats.LogStats']
2018-02-03 18:39:18 [twisted] CRITICAL: Unhandled error in Deferred:
2018-02-03 18:39:18 [twisted] CRITICAL: 
Traceback (most recent call last):
  File "d:\python\lib\site-packages\twisted\internet\defer.py", line 1386, in _inlineCallbacks
    result = g.send(result)
  File "d:\python\lib\site-packages\scrapy\crawler.py", line 80, in crawl
    self.engine = self._create_engine()
  File "d:\python\lib\site-packages\scrapy\crawler.py", line 105, in _create_engine
    return ExecutionEngine(self, lambda _: self.stop())
  File "d:\python\lib\site-packages\scrapy\core\engine.py", line 69, in __init__
    self.downloader = downloader_cls(crawler)
  File "d:\python\lib\site-packages\scrapy\core\downloader\__init__.py", line 88, in __init__
    self.middleware = DownloaderMiddlewareManager.from_crawler(crawler)
  File "d:\python\lib\site-packages\scrapy\middleware.py", line 58, in from_crawler
    return cls.from_settings(crawler.settings, crawler)
  File "d:\python\lib\site-packages\scrapy\middleware.py", line 40, in from_settings
    mw = mwcls()
  File "E:\xampp\htdocs\study_spider\uu134\uu134\middlewares.py", line 182, in __init__
    self.browser = webdriver.Firefox(executable_path='C:/Program Files/Mozilla Firefox/firefox.exe', firefox_profile=profile)
  File "d:\python\lib\site-packages\selenium\webdriver\firefox\webdriver.py", line 70, in __init__
    self.binary = FirefoxBinary()
  File "d:\python\lib\site-packages\selenium\webdriver\firefox\firefox_binary.py", line 50, in __init__
    "binary = FirefoxBinary('/path/to/binary')\ndriver = webdriver.Firefox(firefox_binary=binary)")
Exception: Failed to find firefox binary. You can set it by specifying the path to 'firefox_binary':

from selenium.webdriver.firefox.firefox_binary import FirefoxBinary

binary = FirefoxBinary('/path/to/binary')
driver = webdriver.Firefox(firefox_binary=binary)
2018-02-03 18:39:43 [scrapy.utils.log] INFO: Scrapy 1.5.0 started (bot: uu134)
2018-02-03 18:39:43 [scrapy.utils.log] INFO: Versions: lxml 4.1.1.0, libxml2 2.9.7, cssselect 1.0.1, parsel 1.3.1, w3lib 1.18.0, Twisted 17.9.0, Python 3.6.3 (v3.6.3:2c5fed8, Oct  3 2017, 17:26:49) [MSC v.1900 32 bit (Intel)], pyOpenSSL 17.5.0 (OpenSSL 1.1.0g  2 Nov 2017), cryptography 2.1.4, Platform Windows-10-10.0.15063-SP0
2018-02-03 18:39:43 [scrapy.crawler] INFO: Overridden settings: {'BOT_NAME': 'uu134', 'COOKIES_ENABLED': False, 'LOG_FILE': 'Spider.log', 'LOG_LEVEL': 'INFO', 'NEWSPIDER_MODULE': 'uu134.spiders', 'SPIDER_MODULES': ['uu134.spiders']}
2018-02-03 18:39:44 [scrapy.middleware] INFO: Enabled extensions:
['scrapy.extensions.corestats.CoreStats',
 'scrapy.extensions.telnet.TelnetConsole',
 'scrapy.extensions.logstats.LogStats']
2018-02-03 18:39:44 [twisted] CRITICAL: Unhandled error in Deferred:
2018-02-03 18:39:44 [twisted] CRITICAL: 
Traceback (most recent call last):
  File "d:\python\lib\site-packages\twisted\internet\defer.py", line 1386, in _inlineCallbacks
    result = g.send(result)
  File "d:\python\lib\site-packages\scrapy\crawler.py", line 80, in crawl
    self.engine = self._create_engine()
  File "d:\python\lib\site-packages\scrapy\crawler.py", line 105, in _create_engine
    return ExecutionEngine(self, lambda _: self.stop())
  File "d:\python\lib\site-packages\scrapy\core\engine.py", line 69, in __init__
    self.downloader = downloader_cls(crawler)
  File "d:\python\lib\site-packages\scrapy\core\downloader\__init__.py", line 88, in __init__
    self.middleware = DownloaderMiddlewareManager.from_crawler(crawler)
  File "d:\python\lib\site-packages\scrapy\middleware.py", line 58, in from_crawler
    return cls.from_settings(crawler.settings, crawler)
  File "d:\python\lib\site-packages\scrapy\middleware.py", line 40, in from_settings
    mw = mwcls()
  File "E:\xampp\htdocs\study_spider\uu134\uu134\middlewares.py", line 182, in __init__
    self.browser = webdriver.Firefox(executable_path='C:/Program Files/Mozilla Firefox/firefox.exe', firefox_profile=profile)
  File "d:\python\lib\site-packages\selenium\webdriver\firefox\webdriver.py", line 70, in __init__
    self.binary = FirefoxBinary()
  File "d:\python\lib\site-packages\selenium\webdriver\firefox\firefox_binary.py", line 50, in __init__
    "binary = FirefoxBinary('/path/to/binary')\ndriver = webdriver.Firefox(firefox_binary=binary)")
Exception: Failed to find firefox binary. You can set it by specifying the path to 'firefox_binary':

from selenium.webdriver.firefox.firefox_binary import FirefoxBinary

binary = FirefoxBinary('/path/to/binary')
driver = webdriver.Firefox(firefox_binary=binary)
2018-02-03 18:40:29 [scrapy.utils.log] INFO: Scrapy 1.5.0 started (bot: uu134)
2018-02-03 18:40:29 [scrapy.utils.log] INFO: Versions: lxml 4.1.1.0, libxml2 2.9.7, cssselect 1.0.1, parsel 1.3.1, w3lib 1.18.0, Twisted 17.9.0, Python 3.6.3 (v3.6.3:2c5fed8, Oct  3 2017, 17:26:49) [MSC v.1900 32 bit (Intel)], pyOpenSSL 17.5.0 (OpenSSL 1.1.0g  2 Nov 2017), cryptography 2.1.4, Platform Windows-10-10.0.15063-SP0
2018-02-03 18:40:29 [scrapy.crawler] INFO: Overridden settings: {'BOT_NAME': 'uu134', 'COOKIES_ENABLED': False, 'LOG_FILE': 'Spider.log', 'LOG_LEVEL': 'INFO', 'NEWSPIDER_MODULE': 'uu134.spiders', 'SPIDER_MODULES': ['uu134.spiders']}
2018-02-03 18:40:29 [scrapy.middleware] INFO: Enabled extensions:
['scrapy.extensions.corestats.CoreStats',
 'scrapy.extensions.telnet.TelnetConsole',
 'scrapy.extensions.logstats.LogStats']
2018-02-03 18:40:29 [twisted] CRITICAL: Unhandled error in Deferred:
2018-02-03 18:40:29 [twisted] CRITICAL: 
Traceback (most recent call last):
  File "d:\python\lib\site-packages\twisted\internet\defer.py", line 1386, in _inlineCallbacks
    result = g.send(result)
  File "d:\python\lib\site-packages\scrapy\crawler.py", line 80, in crawl
    self.engine = self._create_engine()
  File "d:\python\lib\site-packages\scrapy\crawler.py", line 105, in _create_engine
    return ExecutionEngine(self, lambda _: self.stop())
  File "d:\python\lib\site-packages\scrapy\core\engine.py", line 69, in __init__
    self.downloader = downloader_cls(crawler)
  File "d:\python\lib\site-packages\scrapy\core\downloader\__init__.py", line 88, in __init__
    self.middleware = DownloaderMiddlewareManager.from_crawler(crawler)
  File "d:\python\lib\site-packages\scrapy\middleware.py", line 58, in from_crawler
    return cls.from_settings(crawler.settings, crawler)
  File "d:\python\lib\site-packages\scrapy\middleware.py", line 40, in from_settings
    mw = mwcls()
  File "E:\xampp\htdocs\study_spider\uu134\uu134\middlewares.py", line 182, in __init__
    self.browser = webdriver.Firefox(executable_path='C:/Program Files/Mozilla Firefox/firefox.exe', firefox_profile=profile)
  File "d:\python\lib\site-packages\selenium\webdriver\firefox\webdriver.py", line 70, in __init__
    self.binary = FirefoxBinary()
  File "d:\python\lib\site-packages\selenium\webdriver\firefox\firefox_binary.py", line 50, in __init__
    "binary = FirefoxBinary('/path/to/binary')\ndriver = webdriver.Firefox(firefox_binary=binary)")
Exception: Failed to find firefox binary. You can set it by specifying the path to 'firefox_binary':

from selenium.webdriver.firefox.firefox_binary import FirefoxBinary

binary = FirefoxBinary('/path/to/binary')
driver = webdriver.Firefox(firefox_binary=binary)
2018-02-03 18:41:59 [scrapy.utils.log] INFO: Scrapy 1.5.0 started (bot: uu134)
2018-02-03 18:41:59 [scrapy.utils.log] INFO: Versions: lxml 4.1.1.0, libxml2 2.9.7, cssselect 1.0.1, parsel 1.3.1, w3lib 1.18.0, Twisted 17.9.0, Python 3.6.3 (v3.6.3:2c5fed8, Oct  3 2017, 17:26:49) [MSC v.1900 32 bit (Intel)], pyOpenSSL 17.5.0 (OpenSSL 1.1.0g  2 Nov 2017), cryptography 2.1.4, Platform Windows-10-10.0.15063-SP0
2018-02-03 18:41:59 [scrapy.crawler] INFO: Overridden settings: {'BOT_NAME': 'uu134', 'COOKIES_ENABLED': False, 'LOG_FILE': 'Spider.log', 'LOG_LEVEL': 'INFO', 'NEWSPIDER_MODULE': 'uu134.spiders', 'SPIDER_MODULES': ['uu134.spiders']}
2018-02-03 18:41:59 [scrapy.middleware] INFO: Enabled extensions:
['scrapy.extensions.corestats.CoreStats',
 'scrapy.extensions.telnet.TelnetConsole',
 'scrapy.extensions.logstats.LogStats']
2018-02-03 18:41:59 [twisted] CRITICAL: Unhandled error in Deferred:
2018-02-03 18:41:59 [twisted] CRITICAL: 
Traceback (most recent call last):
  File "d:\python\lib\site-packages\twisted\internet\defer.py", line 1386, in _inlineCallbacks
    result = g.send(result)
  File "d:\python\lib\site-packages\scrapy\crawler.py", line 80, in crawl
    self.engine = self._create_engine()
  File "d:\python\lib\site-packages\scrapy\crawler.py", line 105, in _create_engine
    return ExecutionEngine(self, lambda _: self.stop())
  File "d:\python\lib\site-packages\scrapy\core\engine.py", line 69, in __init__
    self.downloader = downloader_cls(crawler)
  File "d:\python\lib\site-packages\scrapy\core\downloader\__init__.py", line 88, in __init__
    self.middleware = DownloaderMiddlewareManager.from_crawler(crawler)
  File "d:\python\lib\site-packages\scrapy\middleware.py", line 58, in from_crawler
    return cls.from_settings(crawler.settings, crawler)
  File "d:\python\lib\site-packages\scrapy\middleware.py", line 40, in from_settings
    mw = mwcls()
  File "E:\xampp\htdocs\study_spider\uu134\uu134\middlewares.py", line 182, in __init__
    self.browser = webdriver.Firefox(firefox_profile=profile)
  File "d:\python\lib\site-packages\selenium\webdriver\firefox\webdriver.py", line 70, in __init__
    self.binary = FirefoxBinary()
  File "d:\python\lib\site-packages\selenium\webdriver\firefox\firefox_binary.py", line 50, in __init__
    "binary = FirefoxBinary('/path/to/binary')\ndriver = webdriver.Firefox(firefox_binary=binary)")
Exception: Failed to find firefox binary. You can set it by specifying the path to 'firefox_binary':

from selenium.webdriver.firefox.firefox_binary import FirefoxBinary

binary = FirefoxBinary('/path/to/binary')
driver = webdriver.Firefox(firefox_binary=binary)
2018-02-03 18:49:01 [scrapy.utils.log] INFO: Scrapy 1.5.0 started (bot: uu134)
2018-02-03 18:49:01 [scrapy.utils.log] INFO: Versions: lxml 4.1.1.0, libxml2 2.9.7, cssselect 1.0.1, parsel 1.3.1, w3lib 1.18.0, Twisted 17.9.0, Python 3.6.3 (v3.6.3:2c5fed8, Oct  3 2017, 17:26:49) [MSC v.1900 32 bit (Intel)], pyOpenSSL 17.5.0 (OpenSSL 1.1.0g  2 Nov 2017), cryptography 2.1.4, Platform Windows-10-10.0.15063-SP0
2018-02-03 18:49:01 [scrapy.crawler] INFO: Overridden settings: {'BOT_NAME': 'uu134', 'COOKIES_ENABLED': False, 'LOG_FILE': 'Spider.log', 'LOG_LEVEL': 'INFO', 'NEWSPIDER_MODULE': 'uu134.spiders', 'SPIDER_MODULES': ['uu134.spiders']}
2018-02-03 18:49:01 [scrapy.middleware] INFO: Enabled extensions:
['scrapy.extensions.corestats.CoreStats',
 'scrapy.extensions.telnet.TelnetConsole',
 'scrapy.extensions.logstats.LogStats']
2018-02-03 18:49:02 [twisted] CRITICAL: Unhandled error in Deferred:
2018-02-03 18:49:02 [twisted] CRITICAL: 
Traceback (most recent call last):
  File "d:\python\lib\site-packages\twisted\internet\defer.py", line 1386, in _inlineCallbacks
    result = g.send(result)
  File "d:\python\lib\site-packages\scrapy\crawler.py", line 80, in crawl
    self.engine = self._create_engine()
  File "d:\python\lib\site-packages\scrapy\crawler.py", line 105, in _create_engine
    return ExecutionEngine(self, lambda _: self.stop())
  File "d:\python\lib\site-packages\scrapy\core\engine.py", line 69, in __init__
    self.downloader = downloader_cls(crawler)
  File "d:\python\lib\site-packages\scrapy\core\downloader\__init__.py", line 88, in __init__
    self.middleware = DownloaderMiddlewareManager.from_crawler(crawler)
  File "d:\python\lib\site-packages\scrapy\middleware.py", line 58, in from_crawler
    return cls.from_settings(crawler.settings, crawler)
  File "d:\python\lib\site-packages\scrapy\middleware.py", line 40, in from_settings
    mw = mwcls()
  File "E:\xampp\htdocs\study_spider\uu134\uu134\middlewares.py", line 184, in __init__
    self.browser = webdriver.Firefox(firefox_binary=binary, firefox_profile=profile)
  File "d:\python\lib\site-packages\selenium\webdriver\firefox\webdriver.py", line 77, in __init__
    self.binary, timeout),
  File "d:\python\lib\site-packages\selenium\webdriver\firefox\extension_connection.py", line 49, in __init__
    self.binary.launch_browser(self.profile)
  File "d:\python\lib\site-packages\selenium\webdriver\firefox\firefox_binary.py", line 68, in launch_browser
    self._wait_until_connectable()
  File "d:\python\lib\site-packages\selenium\webdriver\firefox\firefox_binary.py", line 98, in _wait_until_connectable
    raise WebDriverException("The browser appears to have exited "
selenium.common.exceptions.WebDriverException: Message: The browser appears to have exited before we could connect. If you specified a log_file in the FirefoxBinary constructor, check it for details.

2018-02-03 18:50:43 [scrapy.utils.log] INFO: Scrapy 1.5.0 started (bot: uu134)
2018-02-03 18:50:43 [scrapy.utils.log] INFO: Versions: lxml 4.1.1.0, libxml2 2.9.7, cssselect 1.0.1, parsel 1.3.1, w3lib 1.18.0, Twisted 17.9.0, Python 3.6.3 (v3.6.3:2c5fed8, Oct  3 2017, 17:26:49) [MSC v.1900 32 bit (Intel)], pyOpenSSL 17.5.0 (OpenSSL 1.1.0g  2 Nov 2017), cryptography 2.1.4, Platform Windows-10-10.0.15063-SP0
2018-02-03 18:50:43 [scrapy.crawler] INFO: Overridden settings: {'BOT_NAME': 'uu134', 'COOKIES_ENABLED': False, 'LOG_FILE': 'Spider.log', 'LOG_LEVEL': 'INFO', 'NEWSPIDER_MODULE': 'uu134.spiders', 'SPIDER_MODULES': ['uu134.spiders']}
2018-02-03 18:50:43 [scrapy.middleware] INFO: Enabled extensions:
['scrapy.extensions.corestats.CoreStats',
 'scrapy.extensions.telnet.TelnetConsole',
 'scrapy.extensions.logstats.LogStats']
2018-02-03 18:51:45 [twisted] CRITICAL: Unhandled error in Deferred:
2018-02-03 18:51:45 [twisted] CRITICAL: 
Traceback (most recent call last):
  File "d:\python\lib\site-packages\twisted\internet\defer.py", line 1386, in _inlineCallbacks
    result = g.send(result)
  File "d:\python\lib\site-packages\scrapy\crawler.py", line 80, in crawl
    self.engine = self._create_engine()
  File "d:\python\lib\site-packages\scrapy\crawler.py", line 105, in _create_engine
    return ExecutionEngine(self, lambda _: self.stop())
  File "d:\python\lib\site-packages\scrapy\core\engine.py", line 69, in __init__
    self.downloader = downloader_cls(crawler)
  File "d:\python\lib\site-packages\scrapy\core\downloader\__init__.py", line 88, in __init__
    self.middleware = DownloaderMiddlewareManager.from_crawler(crawler)
  File "d:\python\lib\site-packages\scrapy\middleware.py", line 58, in from_crawler
    return cls.from_settings(crawler.settings, crawler)
  File "d:\python\lib\site-packages\scrapy\middleware.py", line 40, in from_settings
    mw = mwcls()
  File "E:\xampp\htdocs\study_spider\uu134\uu134\middlewares.py", line 184, in __init__
    self.browser = webdriver.Firefox(firefox_binary=binary, firefox_profile=profile)
  File "d:\python\lib\site-packages\selenium\webdriver\firefox\webdriver.py", line 77, in __init__
    self.binary, timeout),
  File "d:\python\lib\site-packages\selenium\webdriver\firefox\extension_connection.py", line 49, in __init__
    self.binary.launch_browser(self.profile)
  File "d:\python\lib\site-packages\selenium\webdriver\firefox\firefox_binary.py", line 68, in launch_browser
    self._wait_until_connectable()
  File "d:\python\lib\site-packages\selenium\webdriver\firefox\firefox_binary.py", line 103, in _wait_until_connectable
    raise WebDriverException("Can't load the profile. Profile "
selenium.common.exceptions.WebDriverException: Message: Can't load the profile. Profile Dir: %s If you specified a log_file in the FirefoxBinary constructor, check it for details.

2018-02-03 18:54:12 [scrapy.utils.log] INFO: Scrapy 1.5.0 started (bot: uu134)
2018-02-03 18:54:12 [scrapy.utils.log] INFO: Versions: lxml 4.1.1.0, libxml2 2.9.7, cssselect 1.0.1, parsel 1.3.1, w3lib 1.18.0, Twisted 17.9.0, Python 3.6.3 (v3.6.3:2c5fed8, Oct  3 2017, 17:26:49) [MSC v.1900 32 bit (Intel)], pyOpenSSL 17.5.0 (OpenSSL 1.1.0g  2 Nov 2017), cryptography 2.1.4, Platform Windows-10-10.0.15063-SP0
2018-02-03 18:54:12 [scrapy.crawler] INFO: Overridden settings: {'BOT_NAME': 'uu134', 'COOKIES_ENABLED': False, 'LOG_FILE': 'Spider.log', 'LOG_LEVEL': 'INFO', 'NEWSPIDER_MODULE': 'uu134.spiders', 'SPIDER_MODULES': ['uu134.spiders']}
2018-02-03 18:54:12 [scrapy.middleware] INFO: Enabled extensions:
['scrapy.extensions.corestats.CoreStats',
 'scrapy.extensions.telnet.TelnetConsole',
 'scrapy.extensions.logstats.LogStats']
2018-02-03 18:55:14 [twisted] CRITICAL: Unhandled error in Deferred:
2018-02-03 18:55:14 [twisted] CRITICAL: 
Traceback (most recent call last):
  File "d:\python\lib\site-packages\twisted\internet\defer.py", line 1386, in _inlineCallbacks
    result = g.send(result)
  File "d:\python\lib\site-packages\scrapy\crawler.py", line 80, in crawl
    self.engine = self._create_engine()
  File "d:\python\lib\site-packages\scrapy\crawler.py", line 105, in _create_engine
    return ExecutionEngine(self, lambda _: self.stop())
  File "d:\python\lib\site-packages\scrapy\core\engine.py", line 69, in __init__
    self.downloader = downloader_cls(crawler)
  File "d:\python\lib\site-packages\scrapy\core\downloader\__init__.py", line 88, in __init__
    self.middleware = DownloaderMiddlewareManager.from_crawler(crawler)
  File "d:\python\lib\site-packages\scrapy\middleware.py", line 58, in from_crawler
    return cls.from_settings(crawler.settings, crawler)
  File "d:\python\lib\site-packages\scrapy\middleware.py", line 40, in from_settings
    mw = mwcls()
  File "E:\xampp\htdocs\study_spider\uu134\uu134\middlewares.py", line 184, in __init__
    self.browser = webdriver.Firefox(firefox_binary=binary) # , firefox_profile=profile
  File "d:\python\lib\site-packages\selenium\webdriver\firefox\webdriver.py", line 77, in __init__
    self.binary, timeout),
  File "d:\python\lib\site-packages\selenium\webdriver\firefox\extension_connection.py", line 49, in __init__
    self.binary.launch_browser(self.profile)
  File "d:\python\lib\site-packages\selenium\webdriver\firefox\firefox_binary.py", line 68, in launch_browser
    self._wait_until_connectable()
  File "d:\python\lib\site-packages\selenium\webdriver\firefox\firefox_binary.py", line 103, in _wait_until_connectable
    raise WebDriverException("Can't load the profile. Profile "
selenium.common.exceptions.WebDriverException: Message: Can't load the profile. Profile Dir: %s If you specified a log_file in the FirefoxBinary constructor, check it for details.

2018-02-03 18:58:44 [scrapy.utils.log] INFO: Scrapy 1.5.0 started (bot: uu134)
2018-02-03 18:58:44 [scrapy.utils.log] INFO: Versions: lxml 4.1.1.0, libxml2 2.9.7, cssselect 1.0.1, parsel 1.3.1, w3lib 1.18.0, Twisted 17.9.0, Python 3.6.3 (v3.6.3:2c5fed8, Oct  3 2017, 17:26:49) [MSC v.1900 32 bit (Intel)], pyOpenSSL 17.5.0 (OpenSSL 1.1.0g  2 Nov 2017), cryptography 2.1.4, Platform Windows-10-10.0.15063-SP0
2018-02-03 18:58:44 [scrapy.crawler] INFO: Overridden settings: {'BOT_NAME': 'uu134', 'COOKIES_ENABLED': False, 'LOG_FILE': 'Spider.log', 'LOG_LEVEL': 'INFO', 'NEWSPIDER_MODULE': 'uu134.spiders', 'SPIDER_MODULES': ['uu134.spiders']}
2018-02-03 18:58:44 [scrapy.middleware] INFO: Enabled extensions:
['scrapy.extensions.corestats.CoreStats',
 'scrapy.extensions.telnet.TelnetConsole',
 'scrapy.extensions.logstats.LogStats']
2018-02-03 18:58:44 [scrapy.middleware] INFO: Enabled downloader middlewares:
['scrapy.downloadermiddlewares.httpauth.HttpAuthMiddleware',
 'uu134.middlewares.RandomUserAgentMiddleware',
 'scrapy.downloadermiddlewares.downloadtimeout.DownloadTimeoutMiddleware',
 'scrapy.downloadermiddlewares.defaultheaders.DefaultHeadersMiddleware',
 'scrapy.downloadermiddlewares.useragent.UserAgentMiddleware',
 'scrapy.downloadermiddlewares.retry.RetryMiddleware',
 'scrapy.downloadermiddlewares.redirect.MetaRefreshMiddleware',
 'scrapy.downloadermiddlewares.httpcompression.HttpCompressionMiddleware',
 'scrapy.downloadermiddlewares.redirect.RedirectMiddleware',
 'scrapy.downloadermiddlewares.httpproxy.HttpProxyMiddleware',
 'scrapy.downloadermiddlewares.stats.DownloaderStats']
2018-02-03 18:58:44 [scrapy.middleware] INFO: Enabled spider middlewares:
['scrapy.spidermiddlewares.httperror.HttpErrorMiddleware',
 'scrapy.spidermiddlewares.offsite.OffsiteMiddleware',
 'scrapy.spidermiddlewares.referer.RefererMiddleware',
 'scrapy.spidermiddlewares.urllength.UrlLengthMiddleware',
 'scrapy.spidermiddlewares.depth.DepthMiddleware']
2018-02-03 18:58:44 [scrapy.middleware] INFO: Enabled item pipelines:
[]
2018-02-03 18:58:44 [scrapy.core.engine] INFO: Spider opened
2018-02-03 18:58:44 [scrapy.extensions.logstats] INFO: Crawled 0 pages (at 0 pages/min), scraped 0 items (at 0 items/min)
2018-02-03 18:58:55 [scrapy.core.engine] INFO: Closing spider (finished)
2018-02-03 18:58:55 [scrapy.statscollectors] INFO: Dumping Scrapy stats:
{'downloader/request_bytes': 73199,
 'downloader/request_count': 208,
 'downloader/request_method_count/GET': 208,
 'downloader/response_bytes': 692775,
 'downloader/response_count': 208,
 'downloader/response_status_count/200': 202,
 'downloader/response_status_count/302': 6,
 'dupefilter/filtered': 2451,
 'finish_reason': 'finished',
 'finish_time': datetime.datetime(2018, 2, 3, 10, 58, 55, 157222),
 'log_count/INFO': 7,
 'request_depth_max': 4,
 'response_received_count': 202,
 'scheduler/dequeued': 208,
 'scheduler/dequeued/memory': 208,
 'scheduler/enqueued': 208,
 'scheduler/enqueued/memory': 208,
 'start_time': datetime.datetime(2018, 2, 3, 10, 58, 44, 841014)}
2018-02-03 18:58:55 [scrapy.core.engine] INFO: Spider closed (finished)
2018-02-03 19:03:34 [scrapy.utils.log] INFO: Scrapy 1.5.0 started (bot: uu134)
2018-02-03 19:03:34 [scrapy.utils.log] INFO: Versions: lxml 4.1.1.0, libxml2 2.9.7, cssselect 1.0.1, parsel 1.3.1, w3lib 1.18.0, Twisted 17.9.0, Python 3.6.3 (v3.6.3:2c5fed8, Oct  3 2017, 17:26:49) [MSC v.1900 32 bit (Intel)], pyOpenSSL 17.5.0 (OpenSSL 1.1.0g  2 Nov 2017), cryptography 2.1.4, Platform Windows-10-10.0.15063-SP0
2018-02-03 19:03:34 [scrapy.crawler] INFO: Overridden settings: {'BOT_NAME': 'uu134', 'COOKIES_ENABLED': False, 'LOG_FILE': 'Spider.log', 'LOG_LEVEL': 'INFO', 'NEWSPIDER_MODULE': 'uu134.spiders', 'SPIDER_MODULES': ['uu134.spiders']}
2018-02-03 19:03:34 [scrapy.middleware] INFO: Enabled extensions:
['scrapy.extensions.corestats.CoreStats',
 'scrapy.extensions.telnet.TelnetConsole',
 'scrapy.extensions.logstats.LogStats']
2018-02-03 19:03:34 [scrapy.middleware] INFO: Enabled downloader middlewares:
['scrapy.downloadermiddlewares.httpauth.HttpAuthMiddleware',
 'uu134.middlewares.RandomUserAgentMiddleware',
 'scrapy.downloadermiddlewares.downloadtimeout.DownloadTimeoutMiddleware',
 'scrapy.downloadermiddlewares.defaultheaders.DefaultHeadersMiddleware',
 'scrapy.downloadermiddlewares.useragent.UserAgentMiddleware',
 'scrapy.downloadermiddlewares.retry.RetryMiddleware',
 'scrapy.downloadermiddlewares.redirect.MetaRefreshMiddleware',
 'scrapy.downloadermiddlewares.httpcompression.HttpCompressionMiddleware',
 'scrapy.downloadermiddlewares.redirect.RedirectMiddleware',
 'scrapy.downloadermiddlewares.httpproxy.HttpProxyMiddleware',
 'scrapy.downloadermiddlewares.stats.DownloaderStats']
2018-02-03 19:03:34 [scrapy.middleware] INFO: Enabled spider middlewares:
['scrapy.spidermiddlewares.httperror.HttpErrorMiddleware',
 'scrapy.spidermiddlewares.offsite.OffsiteMiddleware',
 'scrapy.spidermiddlewares.referer.RefererMiddleware',
 'scrapy.spidermiddlewares.urllength.UrlLengthMiddleware',
 'scrapy.spidermiddlewares.depth.DepthMiddleware']
2018-02-03 19:03:34 [scrapy.middleware] INFO: Enabled item pipelines:
[]
2018-02-03 19:03:34 [scrapy.core.engine] INFO: Spider opened
2018-02-03 19:03:34 [scrapy.extensions.logstats] INFO: Crawled 0 pages (at 0 pages/min), scraped 0 items (at 0 items/min)
2018-02-03 19:03:39 [scrapy.crawler] INFO: Received SIGINT, shutting down gracefully. Send again to force 
2018-02-03 19:03:39 [scrapy.core.engine] INFO: Closing spider (shutdown)
2018-02-03 19:03:40 [scrapy.statscollectors] INFO: Dumping Scrapy stats:
{'downloader/request_bytes': 33174,
 'downloader/request_count': 94,
 'downloader/request_method_count/GET': 94,
 'downloader/response_bytes': 296619,
 'downloader/response_count': 94,
 'downloader/response_status_count/200': 90,
 'downloader/response_status_count/302': 4,
 'dupefilter/filtered': 1146,
 'finish_reason': 'shutdown',
 'finish_time': datetime.datetime(2018, 2, 3, 11, 3, 40, 482674),
 'log_count/INFO': 8,
 'request_depth_max': 4,
 'response_received_count': 90,
 'scheduler/dequeued': 94,
 'scheduler/dequeued/memory': 94,
 'scheduler/enqueued': 356,
 'scheduler/enqueued/memory': 356,
 'start_time': datetime.datetime(2018, 2, 3, 11, 3, 34, 748370)}
2018-02-03 19:03:40 [scrapy.core.engine] INFO: Spider closed (shutdown)
2018-02-03 19:04:43 [scrapy.utils.log] INFO: Scrapy 1.5.0 started (bot: uu134)
2018-02-03 19:04:43 [scrapy.utils.log] INFO: Versions: lxml 4.1.1.0, libxml2 2.9.7, cssselect 1.0.1, parsel 1.3.1, w3lib 1.18.0, Twisted 17.9.0, Python 3.6.3 (v3.6.3:2c5fed8, Oct  3 2017, 17:26:49) [MSC v.1900 32 bit (Intel)], pyOpenSSL 17.5.0 (OpenSSL 1.1.0g  2 Nov 2017), cryptography 2.1.4, Platform Windows-10-10.0.15063-SP0
2018-02-03 19:04:43 [scrapy.crawler] INFO: Overridden settings: {'BOT_NAME': 'uu134', 'COOKIES_ENABLED': False, 'LOG_FILE': 'Spider.log', 'LOG_LEVEL': 'INFO', 'NEWSPIDER_MODULE': 'uu134.spiders', 'SPIDER_MODULES': ['uu134.spiders']}
2018-02-03 19:04:43 [scrapy.middleware] INFO: Enabled extensions:
['scrapy.extensions.corestats.CoreStats',
 'scrapy.extensions.telnet.TelnetConsole',
 'scrapy.extensions.logstats.LogStats']
2018-02-03 19:04:43 [scrapy.middleware] INFO: Enabled downloader middlewares:
['scrapy.downloadermiddlewares.httpauth.HttpAuthMiddleware',
 'uu134.middlewares.RandomUserAgentMiddleware',
 'scrapy.downloadermiddlewares.downloadtimeout.DownloadTimeoutMiddleware',
 'scrapy.downloadermiddlewares.defaultheaders.DefaultHeadersMiddleware',
 'scrapy.downloadermiddlewares.useragent.UserAgentMiddleware',
 'scrapy.downloadermiddlewares.retry.RetryMiddleware',
 'scrapy.downloadermiddlewares.redirect.MetaRefreshMiddleware',
 'scrapy.downloadermiddlewares.httpcompression.HttpCompressionMiddleware',
 'scrapy.downloadermiddlewares.redirect.RedirectMiddleware',
 'scrapy.downloadermiddlewares.httpproxy.HttpProxyMiddleware',
 'scrapy.downloadermiddlewares.stats.DownloaderStats']
2018-02-03 19:04:43 [scrapy.middleware] INFO: Enabled spider middlewares:
['scrapy.spidermiddlewares.httperror.HttpErrorMiddleware',
 'scrapy.spidermiddlewares.offsite.OffsiteMiddleware',
 'scrapy.spidermiddlewares.referer.RefererMiddleware',
 'scrapy.spidermiddlewares.urllength.UrlLengthMiddleware',
 'scrapy.spidermiddlewares.depth.DepthMiddleware']
2018-02-03 19:04:43 [scrapy.middleware] INFO: Enabled item pipelines:
[]
2018-02-03 19:04:43 [scrapy.core.engine] INFO: Spider opened
2018-02-03 19:04:43 [scrapy.extensions.logstats] INFO: Crawled 0 pages (at 0 pages/min), scraped 0 items (at 0 items/min)
2018-02-03 19:05:00 [scrapy.core.scraper] ERROR: Spider error processing <GET https://www.134uu.com/htm/vod3/5161.htm> (referer: https://www.134uu.com/htm/vodlist3/1.htm)
Traceback (most recent call last):
  File "d:\python\lib\site-packages\scrapy\utils\defer.py", line 102, in iter_errback
    yield next(it)
  File "d:\python\lib\site-packages\scrapy\spidermiddlewares\offsite.py", line 30, in process_spider_output
    for x in result:
  File "d:\python\lib\site-packages\scrapy\spidermiddlewares\referer.py", line 339, in <genexpr>
    return (_set_referer(r) for r in result or ())
  File "d:\python\lib\site-packages\scrapy\spidermiddlewares\urllength.py", line 37, in <genexpr>
    return (r for r in result or () if _filter(r))
  File "d:\python\lib\site-packages\scrapy\spidermiddlewares\depth.py", line 58, in <genexpr>
    return (r for r in result or () if _filter(r))
  File "d:\python\lib\site-packages\scrapy\spiders\crawl.py", line 76, in _parse_response
    cb_res = callback(response, **cb_kwargs) or ()
  File "E:\xampp\htdocs\study_spider\uu134\uu134\spiders\dowmload.py", line 26, in test_handle
    browser = webdriver.Firefox(firefox_binary=binary)
  File "d:\python\lib\site-packages\selenium\webdriver\firefox\webdriver.py", line 77, in __init__
    self.binary, timeout),
  File "d:\python\lib\site-packages\selenium\webdriver\firefox\extension_connection.py", line 49, in __init__
    self.binary.launch_browser(self.profile)
  File "d:\python\lib\site-packages\selenium\webdriver\firefox\firefox_binary.py", line 68, in launch_browser
    self._wait_until_connectable()
  File "d:\python\lib\site-packages\selenium\webdriver\firefox\firefox_binary.py", line 98, in _wait_until_connectable
    raise WebDriverException("The browser appears to have exited "
selenium.common.exceptions.WebDriverException: Message: The browser appears to have exited before we could connect. If you specified a log_file in the FirefoxBinary constructor, check it for details.

2018-02-03 19:05:58 [scrapy.crawler] INFO: Received SIGINT, shutting down gracefully. Send again to force 
2018-02-03 19:06:01 [scrapy.core.scraper] ERROR: Spider error processing <GET https://www.134uu.com/htm/vod3/5177.htm> (referer: https://www.134uu.com/htm/vodlist3/1.htm)
Traceback (most recent call last):
  File "d:\python\lib\site-packages\scrapy\utils\defer.py", line 102, in iter_errback
    yield next(it)
  File "d:\python\lib\site-packages\scrapy\spidermiddlewares\offsite.py", line 30, in process_spider_output
    for x in result:
  File "d:\python\lib\site-packages\scrapy\spidermiddlewares\referer.py", line 339, in <genexpr>
    return (_set_referer(r) for r in result or ())
  File "d:\python\lib\site-packages\scrapy\spidermiddlewares\urllength.py", line 37, in <genexpr>
    return (r for r in result or () if _filter(r))
  File "d:\python\lib\site-packages\scrapy\spidermiddlewares\depth.py", line 58, in <genexpr>
    return (r for r in result or () if _filter(r))
  File "d:\python\lib\site-packages\scrapy\spiders\crawl.py", line 76, in _parse_response
    cb_res = callback(response, **cb_kwargs) or ()
  File "E:\xampp\htdocs\study_spider\uu134\uu134\spiders\dowmload.py", line 26, in test_handle
    browser = webdriver.Firefox(firefox_binary=binary)
  File "d:\python\lib\site-packages\selenium\webdriver\firefox\webdriver.py", line 77, in __init__
    self.binary, timeout),
  File "d:\python\lib\site-packages\selenium\webdriver\firefox\extension_connection.py", line 49, in __init__
    self.binary.launch_browser(self.profile)
  File "d:\python\lib\site-packages\selenium\webdriver\firefox\firefox_binary.py", line 68, in launch_browser
    self._wait_until_connectable()
  File "d:\python\lib\site-packages\selenium\webdriver\firefox\firefox_binary.py", line 103, in _wait_until_connectable
    raise WebDriverException("Can't load the profile. Profile "
selenium.common.exceptions.WebDriverException: Message: Can't load the profile. Profile Dir: %s If you specified a log_file in the FirefoxBinary constructor, check it for details.

2018-02-03 19:06:03 [scrapy.crawler] INFO: Received SIGINT twice, forcing unclean shutdown
2018-02-03 19:07:03 [scrapy.core.scraper] ERROR: Spider error processing <GET https://www.134uu.com/htm/vod3/5178.htm> (referer: https://www.134uu.com/htm/vodlist3/1.htm)
Traceback (most recent call last):
  File "d:\python\lib\site-packages\scrapy\utils\defer.py", line 102, in iter_errback
    yield next(it)
  File "d:\python\lib\site-packages\scrapy\spidermiddlewares\offsite.py", line 30, in process_spider_output
    for x in result:
  File "d:\python\lib\site-packages\scrapy\spidermiddlewares\referer.py", line 339, in <genexpr>
    return (_set_referer(r) for r in result or ())
  File "d:\python\lib\site-packages\scrapy\spidermiddlewares\urllength.py", line 37, in <genexpr>
    return (r for r in result or () if _filter(r))
  File "d:\python\lib\site-packages\scrapy\spidermiddlewares\depth.py", line 58, in <genexpr>
    return (r for r in result or () if _filter(r))
  File "d:\python\lib\site-packages\scrapy\spiders\crawl.py", line 76, in _parse_response
    cb_res = callback(response, **cb_kwargs) or ()
  File "E:\xampp\htdocs\study_spider\uu134\uu134\spiders\dowmload.py", line 26, in test_handle
    browser = webdriver.Firefox(firefox_binary=binary)
  File "d:\python\lib\site-packages\selenium\webdriver\firefox\webdriver.py", line 77, in __init__
    self.binary, timeout),
  File "d:\python\lib\site-packages\selenium\webdriver\firefox\extension_connection.py", line 49, in __init__
    self.binary.launch_browser(self.profile)
  File "d:\python\lib\site-packages\selenium\webdriver\firefox\firefox_binary.py", line 68, in launch_browser
    self._wait_until_connectable()
  File "d:\python\lib\site-packages\selenium\webdriver\firefox\firefox_binary.py", line 103, in _wait_until_connectable
    raise WebDriverException("Can't load the profile. Profile "
selenium.common.exceptions.WebDriverException: Message: Can't load the profile. Profile Dir: %s If you specified a log_file in the FirefoxBinary constructor, check it for details.

2018-02-03 19:07:36 [scrapy.core.scraper] ERROR: Spider error processing <GET https://www.134uu.com/htm/vod3/5176.htm> (referer: https://www.134uu.com/htm/vodlist3/1.htm)
Traceback (most recent call last):
  File "d:\python\lib\site-packages\scrapy\utils\defer.py", line 102, in iter_errback
    yield next(it)
  File "d:\python\lib\site-packages\scrapy\spidermiddlewares\offsite.py", line 30, in process_spider_output
    for x in result:
  File "d:\python\lib\site-packages\scrapy\spidermiddlewares\referer.py", line 339, in <genexpr>
    return (_set_referer(r) for r in result or ())
  File "d:\python\lib\site-packages\scrapy\spidermiddlewares\urllength.py", line 37, in <genexpr>
    return (r for r in result or () if _filter(r))
  File "d:\python\lib\site-packages\scrapy\spidermiddlewares\depth.py", line 58, in <genexpr>
    return (r for r in result or () if _filter(r))
  File "d:\python\lib\site-packages\scrapy\spiders\crawl.py", line 76, in _parse_response
    cb_res = callback(response, **cb_kwargs) or ()
  File "E:\xampp\htdocs\study_spider\uu134\uu134\spiders\dowmload.py", line 26, in test_handle
    browser = webdriver.Firefox(firefox_binary=binary)
  File "d:\python\lib\site-packages\selenium\webdriver\firefox\webdriver.py", line 77, in __init__
    self.binary, timeout),
  File "d:\python\lib\site-packages\selenium\webdriver\firefox\extension_connection.py", line 49, in __init__
    self.binary.launch_browser(self.profile)
  File "d:\python\lib\site-packages\selenium\webdriver\firefox\firefox_binary.py", line 68, in launch_browser
    self._wait_until_connectable()
  File "d:\python\lib\site-packages\selenium\webdriver\firefox\firefox_binary.py", line 98, in _wait_until_connectable
    raise WebDriverException("The browser appears to have exited "
selenium.common.exceptions.WebDriverException: Message: The browser appears to have exited before we could connect. If you specified a log_file in the FirefoxBinary constructor, check it for details.

2018-02-03 19:07:36 [scrapy.core.engine] INFO: Closing spider (shutdown)
2018-02-03 19:07:36 [scrapy.extensions.logstats] INFO: Crawled 13 pages (at 13 pages/min), scraped 0 items (at 0 items/min)
2018-02-03 19:07:46 [scrapy.utils.log] INFO: Scrapy 1.5.0 started (bot: uu134)
2018-02-03 19:07:46 [scrapy.utils.log] INFO: Versions: lxml 4.1.1.0, libxml2 2.9.7, cssselect 1.0.1, parsel 1.3.1, w3lib 1.18.0, Twisted 17.9.0, Python 3.6.3 (v3.6.3:2c5fed8, Oct  3 2017, 17:26:49) [MSC v.1900 32 bit (Intel)], pyOpenSSL 17.5.0 (OpenSSL 1.1.0g  2 Nov 2017), cryptography 2.1.4, Platform Windows-10-10.0.15063-SP0
2018-02-03 19:07:46 [scrapy.crawler] INFO: Overridden settings: {'BOT_NAME': 'uu134', 'COOKIES_ENABLED': False, 'LOG_FILE': 'Spider.log', 'LOG_LEVEL': 'INFO', 'NEWSPIDER_MODULE': 'uu134.spiders', 'SPIDER_MODULES': ['uu134.spiders']}
2018-02-03 19:07:46 [scrapy.middleware] INFO: Enabled extensions:
['scrapy.extensions.corestats.CoreStats',
 'scrapy.extensions.telnet.TelnetConsole',
 'scrapy.extensions.logstats.LogStats']
2018-02-03 19:07:46 [scrapy.middleware] INFO: Enabled downloader middlewares:
['scrapy.downloadermiddlewares.httpauth.HttpAuthMiddleware',
 'uu134.middlewares.RandomUserAgentMiddleware',
 'scrapy.downloadermiddlewares.downloadtimeout.DownloadTimeoutMiddleware',
 'scrapy.downloadermiddlewares.defaultheaders.DefaultHeadersMiddleware',
 'scrapy.downloadermiddlewares.useragent.UserAgentMiddleware',
 'scrapy.downloadermiddlewares.retry.RetryMiddleware',
 'scrapy.downloadermiddlewares.redirect.MetaRefreshMiddleware',
 'scrapy.downloadermiddlewares.httpcompression.HttpCompressionMiddleware',
 'scrapy.downloadermiddlewares.redirect.RedirectMiddleware',
 'scrapy.downloadermiddlewares.httpproxy.HttpProxyMiddleware',
 'scrapy.downloadermiddlewares.stats.DownloaderStats']
2018-02-03 19:07:46 [scrapy.middleware] INFO: Enabled spider middlewares:
['scrapy.spidermiddlewares.httperror.HttpErrorMiddleware',
 'scrapy.spidermiddlewares.offsite.OffsiteMiddleware',
 'scrapy.spidermiddlewares.referer.RefererMiddleware',
 'scrapy.spidermiddlewares.urllength.UrlLengthMiddleware',
 'scrapy.spidermiddlewares.depth.DepthMiddleware']
2018-02-03 19:07:46 [scrapy.middleware] INFO: Enabled item pipelines:
[]
2018-02-03 19:07:46 [scrapy.core.engine] INFO: Spider opened
2018-02-03 19:07:46 [scrapy.extensions.logstats] INFO: Crawled 0 pages (at 0 pages/min), scraped 0 items (at 0 items/min)
2018-02-03 19:08:49 [scrapy.core.scraper] ERROR: Spider error processing <GET https://www.134uu.com/htm/vod3/5161.htm> (referer: https://www.134uu.com/htm/vodlist3/1.htm)
Traceback (most recent call last):
  File "d:\python\lib\site-packages\scrapy\utils\defer.py", line 102, in iter_errback
    yield next(it)
  File "d:\python\lib\site-packages\scrapy\spidermiddlewares\offsite.py", line 30, in process_spider_output
    for x in result:
  File "d:\python\lib\site-packages\scrapy\spidermiddlewares\referer.py", line 339, in <genexpr>
    return (_set_referer(r) for r in result or ())
  File "d:\python\lib\site-packages\scrapy\spidermiddlewares\urllength.py", line 37, in <genexpr>
    return (r for r in result or () if _filter(r))
  File "d:\python\lib\site-packages\scrapy\spidermiddlewares\depth.py", line 58, in <genexpr>
    return (r for r in result or () if _filter(r))
  File "d:\python\lib\site-packages\scrapy\spiders\crawl.py", line 76, in _parse_response
    cb_res = callback(response, **cb_kwargs) or ()
  File "E:\xampp\htdocs\study_spider\uu134\uu134\spiders\dowmload.py", line 26, in test_handle
    browser = webdriver.Firefox(firefox_binary=binary)
  File "d:\python\lib\site-packages\selenium\webdriver\firefox\webdriver.py", line 77, in __init__
    self.binary, timeout),
  File "d:\python\lib\site-packages\selenium\webdriver\firefox\extension_connection.py", line 49, in __init__
    self.binary.launch_browser(self.profile)
  File "d:\python\lib\site-packages\selenium\webdriver\firefox\firefox_binary.py", line 68, in launch_browser
    self._wait_until_connectable()
  File "d:\python\lib\site-packages\selenium\webdriver\firefox\firefox_binary.py", line 103, in _wait_until_connectable
    raise WebDriverException("Can't load the profile. Profile "
selenium.common.exceptions.WebDriverException: Message: Can't load the profile. Profile Dir: %s If you specified a log_file in the FirefoxBinary constructor, check it for details.

2018-02-03 19:08:49 [scrapy.extensions.logstats] INFO: Crawled 22 pages (at 22 pages/min), scraped 0 items (at 0 items/min)
2018-02-03 19:09:10 [scrapy.crawler] INFO: Received SIGINT, shutting down gracefully. Send again to force 
2018-02-03 19:09:11 [scrapy.crawler] INFO: Received SIGINT twice, forcing unclean shutdown
2018-02-03 19:09:50 [scrapy.core.scraper] ERROR: Spider error processing <GET https://www.134uu.com/htm/vod3/5180.htm> (referer: https://www.134uu.com/htm/vodlist3/1.htm)
Traceback (most recent call last):
  File "d:\python\lib\site-packages\scrapy\utils\defer.py", line 102, in iter_errback
    yield next(it)
  File "d:\python\lib\site-packages\scrapy\spidermiddlewares\offsite.py", line 30, in process_spider_output
    for x in result:
  File "d:\python\lib\site-packages\scrapy\spidermiddlewares\referer.py", line 339, in <genexpr>
    return (_set_referer(r) for r in result or ())
  File "d:\python\lib\site-packages\scrapy\spidermiddlewares\urllength.py", line 37, in <genexpr>
    return (r for r in result or () if _filter(r))
  File "d:\python\lib\site-packages\scrapy\spidermiddlewares\depth.py", line 58, in <genexpr>
    return (r for r in result or () if _filter(r))
  File "d:\python\lib\site-packages\scrapy\spiders\crawl.py", line 76, in _parse_response
    cb_res = callback(response, **cb_kwargs) or ()
  File "E:\xampp\htdocs\study_spider\uu134\uu134\spiders\dowmload.py", line 26, in test_handle
    profile.set_preference('network.proxy.type',1)
  File "d:\python\lib\site-packages\selenium\webdriver\firefox\webdriver.py", line 77, in __init__
    self.binary, timeout),
  File "d:\python\lib\site-packages\selenium\webdriver\firefox\extension_connection.py", line 49, in __init__
    self.binary.launch_browser(self.profile)
  File "d:\python\lib\site-packages\selenium\webdriver\firefox\firefox_binary.py", line 68, in launch_browser
    self._wait_until_connectable()
  File "d:\python\lib\site-packages\selenium\webdriver\firefox\firefox_binary.py", line 103, in _wait_until_connectable
    raise WebDriverException("Can't load the profile. Profile "
selenium.common.exceptions.WebDriverException: Message: Can't load the profile. Profile Dir: %s If you specified a log_file in the FirefoxBinary constructor, check it for details.

2018-02-03 19:09:50 [scrapy.core.engine] INFO: Closing spider (shutdown)
2018-02-03 19:10:52 [scrapy.core.scraper] ERROR: Spider error processing <GET https://www.134uu.com/htm/vod3/5179.htm> (referer: https://www.134uu.com/htm/vodlist3/1.htm)
Traceback (most recent call last):
  File "d:\python\lib\site-packages\scrapy\utils\defer.py", line 102, in iter_errback
    yield next(it)
  File "d:\python\lib\site-packages\scrapy\spidermiddlewares\offsite.py", line 30, in process_spider_output
    for x in result:
  File "d:\python\lib\site-packages\scrapy\spidermiddlewares\referer.py", line 339, in <genexpr>
    return (_set_referer(r) for r in result or ())
  File "d:\python\lib\site-packages\scrapy\spidermiddlewares\urllength.py", line 37, in <genexpr>
    return (r for r in result or () if _filter(r))
  File "d:\python\lib\site-packages\scrapy\spidermiddlewares\depth.py", line 58, in <genexpr>
    return (r for r in result or () if _filter(r))
  File "d:\python\lib\site-packages\scrapy\spiders\crawl.py", line 76, in _parse_response
    cb_res = callback(response, **cb_kwargs) or ()
  File "E:\xampp\htdocs\study_spider\uu134\uu134\spiders\dowmload.py", line 26, in test_handle
    profile.set_preference('network.proxy.type',1)
  File "d:\python\lib\site-packages\selenium\webdriver\firefox\webdriver.py", line 77, in __init__
    self.binary, timeout),
  File "d:\python\lib\site-packages\selenium\webdriver\firefox\extension_connection.py", line 49, in __init__
    self.binary.launch_browser(self.profile)
  File "d:\python\lib\site-packages\selenium\webdriver\firefox\firefox_binary.py", line 68, in launch_browser
    self._wait_until_connectable()
  File "d:\python\lib\site-packages\selenium\webdriver\firefox\firefox_binary.py", line 103, in _wait_until_connectable
    raise WebDriverException("Can't load the profile. Profile "
selenium.common.exceptions.WebDriverException: Message: Can't load the profile. Profile Dir: %s If you specified a log_file in the FirefoxBinary constructor, check it for details.

2018-02-03 19:11:53 [scrapy.core.scraper] ERROR: Spider error processing <GET https://www.134uu.com/htm/vod3/5176.htm> (referer: https://www.134uu.com/htm/vodlist3/1.htm)
Traceback (most recent call last):
  File "d:\python\lib\site-packages\scrapy\utils\defer.py", line 102, in iter_errback
    yield next(it)
  File "d:\python\lib\site-packages\scrapy\spidermiddlewares\offsite.py", line 30, in process_spider_output
    for x in result:
  File "d:\python\lib\site-packages\scrapy\spidermiddlewares\referer.py", line 339, in <genexpr>
    return (_set_referer(r) for r in result or ())
  File "d:\python\lib\site-packages\scrapy\spidermiddlewares\urllength.py", line 37, in <genexpr>
    return (r for r in result or () if _filter(r))
  File "d:\python\lib\site-packages\scrapy\spidermiddlewares\depth.py", line 58, in <genexpr>
    return (r for r in result or () if _filter(r))
  File "d:\python\lib\site-packages\scrapy\spiders\crawl.py", line 76, in _parse_response
    cb_res = callback(response, **cb_kwargs) or ()
  File "E:\xampp\htdocs\study_spider\uu134\uu134\spiders\dowmload.py", line 26, in test_handle
    profile.set_preference('network.proxy.type',1)
  File "d:\python\lib\site-packages\selenium\webdriver\firefox\webdriver.py", line 77, in __init__
    self.binary, timeout),
  File "d:\python\lib\site-packages\selenium\webdriver\firefox\extension_connection.py", line 49, in __init__
    self.binary.launch_browser(self.profile)
  File "d:\python\lib\site-packages\selenium\webdriver\firefox\firefox_binary.py", line 68, in launch_browser
    self._wait_until_connectable()
  File "d:\python\lib\site-packages\selenium\webdriver\firefox\firefox_binary.py", line 103, in _wait_until_connectable
    raise WebDriverException("Can't load the profile. Profile "
selenium.common.exceptions.WebDriverException: Message: Can't load the profile. Profile Dir: %s If you specified a log_file in the FirefoxBinary constructor, check it for details.

2018-02-03 19:12:55 [scrapy.core.scraper] ERROR: Spider error processing <GET https://www.134uu.com/htm/vod3/5178.htm> (referer: https://www.134uu.com/htm/vodlist3/1.htm)
Traceback (most recent call last):
  File "d:\python\lib\site-packages\scrapy\utils\defer.py", line 102, in iter_errback
    yield next(it)
  File "d:\python\lib\site-packages\scrapy\spidermiddlewares\offsite.py", line 30, in process_spider_output
    for x in result:
  File "d:\python\lib\site-packages\scrapy\spidermiddlewares\referer.py", line 339, in <genexpr>
    return (_set_referer(r) for r in result or ())
  File "d:\python\lib\site-packages\scrapy\spidermiddlewares\urllength.py", line 37, in <genexpr>
    return (r for r in result or () if _filter(r))
  File "d:\python\lib\site-packages\scrapy\spidermiddlewares\depth.py", line 58, in <genexpr>
    return (r for r in result or () if _filter(r))
  File "d:\python\lib\site-packages\scrapy\spiders\crawl.py", line 76, in _parse_response
    cb_res = callback(response, **cb_kwargs) or ()
  File "E:\xampp\htdocs\study_spider\uu134\uu134\spiders\dowmload.py", line 26, in test_handle
    profile.set_preference('network.proxy.type',1)
  File "d:\python\lib\site-packages\selenium\webdriver\firefox\webdriver.py", line 77, in __init__
    self.binary, timeout),
  File "d:\python\lib\site-packages\selenium\webdriver\firefox\extension_connection.py", line 49, in __init__
    self.binary.launch_browser(self.profile)
  File "d:\python\lib\site-packages\selenium\webdriver\firefox\firefox_binary.py", line 68, in launch_browser
    self._wait_until_connectable()
  File "d:\python\lib\site-packages\selenium\webdriver\firefox\firefox_binary.py", line 103, in _wait_until_connectable
    raise WebDriverException("Can't load the profile. Profile "
selenium.common.exceptions.WebDriverException: Message: Can't load the profile. Profile Dir: %s If you specified a log_file in the FirefoxBinary constructor, check it for details.

2018-02-03 19:13:56 [scrapy.core.scraper] ERROR: Spider error processing <GET https://www.134uu.com/htm/vod3/5174.htm> (referer: https://www.134uu.com/htm/vodlist3/1.htm)
Traceback (most recent call last):
  File "d:\python\lib\site-packages\scrapy\utils\defer.py", line 102, in iter_errback
    yield next(it)
  File "d:\python\lib\site-packages\scrapy\spidermiddlewares\offsite.py", line 30, in process_spider_output
    for x in result:
  File "d:\python\lib\site-packages\scrapy\spidermiddlewares\referer.py", line 339, in <genexpr>
    return (_set_referer(r) for r in result or ())
  File "d:\python\lib\site-packages\scrapy\spidermiddlewares\urllength.py", line 37, in <genexpr>
    return (r for r in result or () if _filter(r))
  File "d:\python\lib\site-packages\scrapy\spidermiddlewares\depth.py", line 58, in <genexpr>
    return (r for r in result or () if _filter(r))
  File "d:\python\lib\site-packages\scrapy\spiders\crawl.py", line 76, in _parse_response
    cb_res = callback(response, **cb_kwargs) or ()
  File "E:\xampp\htdocs\study_spider\uu134\uu134\spiders\dowmload.py", line 26, in test_handle
    profile.set_preference('network.proxy.type',1)
  File "d:\python\lib\site-packages\selenium\webdriver\firefox\webdriver.py", line 77, in __init__
    self.binary, timeout),
  File "d:\python\lib\site-packages\selenium\webdriver\firefox\extension_connection.py", line 49, in __init__
    self.binary.launch_browser(self.profile)
  File "d:\python\lib\site-packages\selenium\webdriver\firefox\firefox_binary.py", line 68, in launch_browser
    self._wait_until_connectable()
  File "d:\python\lib\site-packages\selenium\webdriver\firefox\firefox_binary.py", line 103, in _wait_until_connectable
    raise WebDriverException("Can't load the profile. Profile "
selenium.common.exceptions.WebDriverException: Message: Can't load the profile. Profile Dir: %s If you specified a log_file in the FirefoxBinary constructor, check it for details.

2018-02-03 19:14:20 [scrapy.core.scraper] ERROR: Spider error processing <GET https://www.134uu.com/htm/vod3/5177.htm> (referer: https://www.134uu.com/htm/vodlist3/1.htm)
Traceback (most recent call last):
  File "d:\python\lib\site-packages\scrapy\utils\defer.py", line 102, in iter_errback
    yield next(it)
  File "d:\python\lib\site-packages\scrapy\spidermiddlewares\offsite.py", line 30, in process_spider_output
    for x in result:
  File "d:\python\lib\site-packages\scrapy\spidermiddlewares\referer.py", line 339, in <genexpr>
    return (_set_referer(r) for r in result or ())
  File "d:\python\lib\site-packages\scrapy\spidermiddlewares\urllength.py", line 37, in <genexpr>
    return (r for r in result or () if _filter(r))
  File "d:\python\lib\site-packages\scrapy\spidermiddlewares\depth.py", line 58, in <genexpr>
    return (r for r in result or () if _filter(r))
  File "d:\python\lib\site-packages\scrapy\spiders\crawl.py", line 76, in _parse_response
    cb_res = callback(response, **cb_kwargs) or ()
  File "E:\xampp\htdocs\study_spider\uu134\uu134\spiders\dowmload.py", line 26, in test_handle
    profile.set_preference('network.proxy.type',1)
  File "d:\python\lib\site-packages\selenium\webdriver\firefox\webdriver.py", line 77, in __init__
    self.binary, timeout),
  File "d:\python\lib\site-packages\selenium\webdriver\firefox\extension_connection.py", line 49, in __init__
    self.binary.launch_browser(self.profile)
  File "d:\python\lib\site-packages\selenium\webdriver\firefox\firefox_binary.py", line 68, in launch_browser
    self._wait_until_connectable()
  File "d:\python\lib\site-packages\selenium\webdriver\firefox\firefox_binary.py", line 98, in _wait_until_connectable
    raise WebDriverException("The browser appears to have exited "
selenium.common.exceptions.WebDriverException: Message: The browser appears to have exited before we could connect. If you specified a log_file in the FirefoxBinary constructor, check it for details.

2018-02-03 19:14:20 [scrapy.extensions.logstats] INFO: Crawled 26 pages (at 4 pages/min), scraped 0 items (at 0 items/min)
